#
# There is insufficient memory for the Java Runtime Environment to continue.
# Native memory allocation (mmap) failed to map 3145728 bytes. Error detail: G1 virtual space
# Possible reasons:
#   The system is out of physical RAM or swap space
#   This process is running with CompressedOops enabled, and the Java Heap may be blocking the growth of the native heap
# Possible solutions:
#   Reduce memory load on the system
#   Increase physical memory or swap space
#   Check if swap backing store is full
#   Decrease Java heap size (-Xmx/-Xms)
#   Decrease number of Java threads
#   Decrease Java thread stack sizes (-Xss)
#   Set larger code cache with -XX:ReservedCodeCacheSize=
#   JVM is running with Unscaled Compressed Oops mode in which the Java heap is
#     placed in the first 4GB address space. The Java Heap base address is the
#     maximum limit for the native heap growth. Please use -XX:HeapBaseMinAddress
#     to set the Java Heap base and to place the Java Heap above 4GB virtual address.
# This output file may be truncated or incomplete.
#
#  Out of Memory Error (os_windows.cpp:3825), pid=16032, tid=5448
#
# JRE version: OpenJDK Runtime Environment (17.0.11) (build 17.0.11+0--11852314)
# Java VM: OpenJDK 64-Bit Server VM (17.0.11+0--11852314, mixed mode, tiered, compressed oops, compressed class ptrs, g1 gc, windows-amd64)
# No core dump will be written. Minidumps are not enabled by default on client versions of Windows
#

---------------  S U M M A R Y ------------

Command Line: --add-opens=java.base/java.util=ALL-UNNAMED --add-opens=java.base/java.lang=ALL-UNNAMED --add-opens=java.base/java.lang.invoke=ALL-UNNAMED --add-opens=java.prefs/java.util.prefs=ALL-UNNAMED --add-exports=jdk.compiler/com.sun.tools.javac.api=ALL-UNNAMED --add-exports=jdk.compiler/com.sun.tools.javac.util=ALL-UNNAMED --add-opens=java.base/java.nio.charset=ALL-UNNAMED --add-opens=java.base/java.net=ALL-UNNAMED --add-opens=java.base/java.util.concurrent.atomic=ALL-UNNAMED -Xmx2048m -Dfile.encoding=UTF-8 -Duser.country=MX -Duser.language=es -Duser.variant -javaagent:C:\Users\HP\.gradle\wrapper\dists\gradle-8.9-bin\90cnw93cvbtalezasaz0blq0a\gradle-8.9\lib\agents\gradle-instrumentation-agent-8.9.jar org.gradle.launcher.daemon.bootstrap.GradleDaemon 8.9

Host: Intel(R) Core(TM) i5-4200M CPU @ 2.50GHz, 4 cores, 11G,  Windows 10 , 64 bit Build 19041 (10.0.19041.4842)
Time: Sat Oct 12 18:50:46 2024 Hora estándar central (México) elapsed time: 8.629252 seconds (0d 0h 0m 8s)

---------------  T H R E A D  ---------------

Current thread (0x000001e5bd36b660):  VMThread "VM Thread" [stack: 0x000000a4f8000000,0x000000a4f8100000] [id=5448]

Stack: [0x000000a4f8000000,0x000000a4f8100000]
Native frames: (J=compiled Java code, j=interpreted, Vv=VM code, C=native code)
V  [jvm.dll+0x687bb9]
V  [jvm.dll+0x84142a]
V  [jvm.dll+0x8430ae]
V  [jvm.dll+0x843713]
V  [jvm.dll+0x24a35f]
V  [jvm.dll+0x684989]
V  [jvm.dll+0x67923a]
V  [jvm.dll+0x30af0b]
V  [jvm.dll+0x3123b6]
V  [jvm.dll+0x361dfe]
V  [jvm.dll+0x36202f]
V  [jvm.dll+0x2e0d38]
V  [jvm.dll+0x2df144]
V  [jvm.dll+0x2de74c]
V  [jvm.dll+0x32305b]
V  [jvm.dll+0x847e0b]
V  [jvm.dll+0x848b42]
V  [jvm.dll+0x84905d]
V  [jvm.dll+0x849434]
V  [jvm.dll+0x849500]
V  [jvm.dll+0x7efa4a]
V  [jvm.dll+0x686a35]
C  [ucrtbase.dll+0x21bb2]
C  [KERNEL32.DLL+0x17374]
C  [ntdll.dll+0x4cc91]

VM_Operation (0x000000a4f99f80d0): G1CollectForAllocation, mode: safepoint, requested by thread 0x000001e5c3b83130


---------------  P R O C E S S  ---------------

Threads class SMR info:
_java_thread_list=0x000001e5c482dae0, length=34, elements={
0x000001e5a3d5f480, 0x000001e5bd4901a0, 0x000001e5bd491810, 0x000001e5bd4d43b0,
0x000001e5bd4d6c90, 0x000001e5bd4d7d00, 0x000001e5bd4d8d70, 0x000001e5bd4dd6c0,
0x000001e5bd4de820, 0x000001e5bd4ea0b0, 0x000001e5bd5ce050, 0x000001e5bd76d810,
0x000001e5c3203060, 0x000001e5c2f32010, 0x000001e5c35f8050, 0x000001e5c30580b0,
0x000001e5c37ec0c0, 0x000001e5c3b84f90, 0x000001e5c3b83130, 0x000001e5c3b84060,
0x000001e5c3b83640, 0x000001e5c3b83b50, 0x000001e5c3b82200, 0x000001e5c3b84570,
0x000001e5c3b84a80, 0x000001e5c42a4420, 0x000001e5c3b817e0, 0x000001e5c3b81cf0,
0x000001e5c3b82710, 0x000001e5c3b82c20, 0x000001e5c3cba2f0, 0x000001e5c3cbdfb0,
0x000001e5c3cbb730, 0x000001e5c3cb89a0
}

Java Threads: ( => current thread )
  0x000001e5a3d5f480 JavaThread "main" [_thread_blocked, id=15564, stack(0x000000a4f7a00000,0x000000a4f7b00000)]
  0x000001e5bd4901a0 JavaThread "Reference Handler" daemon [_thread_blocked, id=15288, stack(0x000000a4f8100000,0x000000a4f8200000)]
  0x000001e5bd491810 JavaThread "Finalizer" daemon [_thread_blocked, id=328, stack(0x000000a4f8200000,0x000000a4f8300000)]
  0x000001e5bd4d43b0 JavaThread "Signal Dispatcher" daemon [_thread_blocked, id=3280, stack(0x000000a4f8400000,0x000000a4f8500000)]
  0x000001e5bd4d6c90 JavaThread "Attach Listener" daemon [_thread_blocked, id=5444, stack(0x000000a4f8500000,0x000000a4f8600000)]
  0x000001e5bd4d7d00 JavaThread "Service Thread" daemon [_thread_blocked, id=13904, stack(0x000000a4f8600000,0x000000a4f8700000)]
  0x000001e5bd4d8d70 JavaThread "Monitor Deflation Thread" daemon [_thread_blocked, id=16352, stack(0x000000a4f8700000,0x000000a4f8800000)]
  0x000001e5bd4dd6c0 JavaThread "C2 CompilerThread0" daemon [_thread_blocked, id=5328, stack(0x000000a4f8800000,0x000000a4f8900000)]
  0x000001e5bd4de820 JavaThread "C1 CompilerThread0" daemon [_thread_blocked, id=11828, stack(0x000000a4f8900000,0x000000a4f8a00000)]
  0x000001e5bd4ea0b0 JavaThread "Sweeper thread" daemon [_thread_blocked, id=8976, stack(0x000000a4f8a00000,0x000000a4f8b00000)]
  0x000001e5bd5ce050 JavaThread "Common-Cleaner" daemon [_thread_blocked, id=2184, stack(0x000000a4f8b00000,0x000000a4f8c00000)]
  0x000001e5bd76d810 JavaThread "Notification Thread" daemon [_thread_blocked, id=15532, stack(0x000000a4f8c00000,0x000000a4f8d00000)]
  0x000001e5c3203060 JavaThread "Daemon health stats" [_thread_blocked, id=16936, stack(0x000000a4f9300000,0x000000a4f9400000)]
  0x000001e5c2f32010 JavaThread "Incoming local TCP Connector on port 55363" [_thread_in_native, id=14204, stack(0x000000a4f9100000,0x000000a4f9200000)]
  0x000001e5c35f8050 JavaThread "Daemon periodic checks" [_thread_blocked, id=16124, stack(0x000000a4f9400000,0x000000a4f9500000)]
  0x000001e5c30580b0 JavaThread "Daemon" [_thread_blocked, id=9380, stack(0x000000a4f9600000,0x000000a4f9700000)]
  0x000001e5c37ec0c0 JavaThread "Handler for socket connection from /127.0.0.1:55363 to /127.0.0.1:55365" [_thread_in_native, id=14132, stack(0x000000a4f9700000,0x000000a4f9800000)]
  0x000001e5c3b84f90 JavaThread "Cancel handler" [_thread_blocked, id=9240, stack(0x000000a4f9800000,0x000000a4f9900000)]
  0x000001e5c3b83130 JavaThread "Daemon worker" [_thread_blocked, id=240, stack(0x000000a4f9900000,0x000000a4f9a00000)]
  0x000001e5c3b84060 JavaThread "Asynchronous log dispatcher for DefaultDaemonConnection: socket connection from /127.0.0.1:55363 to /127.0.0.1:55365" [_thread_blocked, id=15440, stack(0x000000a4f9a00000,0x000000a4f9b00000)]
  0x000001e5c3b83640 JavaThread "Stdin handler" [_thread_blocked, id=11136, stack(0x000000a4f9b00000,0x000000a4f9c00000)]
  0x000001e5c3b83b50 JavaThread "Daemon client event forwarder" [_thread_blocked, id=12208, stack(0x000000a4f9c00000,0x000000a4f9d00000)]
  0x000001e5c3b82200 JavaThread "Cache worker for journal cache (C:\Users\HP\.gradle\caches\journal-1)" [_thread_blocked, id=16772, stack(0x000000a4f9500000,0x000000a4f9600000)]
  0x000001e5c3b84570 JavaThread "File lock request listener" [_thread_in_native, id=4440, stack(0x000000a4f9d00000,0x000000a4f9e00000)]
  0x000001e5c3b84a80 JavaThread "Cache worker for file hash cache (C:\Users\HP\.gradle\caches\8.9\fileHashes)" [_thread_blocked, id=17352, stack(0x000000a4f9e00000,0x000000a4f9f00000)]
  0x000001e5c42a4420 JavaThread "C2 CompilerThread1" daemon [_thread_in_native, id=7964, stack(0x000000a4f9f00000,0x000000a4fa000000)]
  0x000001e5c3b817e0 JavaThread "Cache worker for file hash cache (C:\Users\HP\AndroidStudioProjects\Proyecto-aplicaci-n\.gradle\8.9\fileHashes)" [_thread_blocked, id=2900, stack(0x000000a4fa000000,0x000000a4fa100000)]
  0x000001e5c3b81cf0 JavaThread "Cache worker for Build Output Cleanup Cache (C:\Users\HP\AndroidStudioProjects\Proyecto-aplicaci-n\.gradle\buildOutputCleanup)" [_thread_blocked, id=3128, stack(0x000000a4fa100000,0x000000a4fa200000)]
  0x000001e5c3b82710 JavaThread "File watcher server" daemon [_thread_in_native, id=1340, stack(0x000000a4fa200000,0x000000a4fa300000)]
  0x000001e5c3b82c20 JavaThread "File watcher consumer" daemon [_thread_blocked, id=12752, stack(0x000000a4fa300000,0x000000a4fa400000)]
  0x000001e5c3cba2f0 JavaThread "Cache worker for checksums cache (C:\Users\HP\AndroidStudioProjects\Proyecto-aplicaci-n\.gradle\8.9\checksums)" [_thread_blocked, id=4692, stack(0x000000a4fa400000,0x000000a4fa500000)]
  0x000001e5c3cbdfb0 JavaThread "Cache worker for file content cache (C:\Users\HP\.gradle\caches\8.9\fileContent)" [_thread_blocked, id=13316, stack(0x000000a4fa500000,0x000000a4fa600000)]
  0x000001e5c3cbb730 JavaThread "Cache worker for cache directory md-rule (C:\Users\HP\.gradle\caches\8.9\md-rule)" [_thread_blocked, id=4340, stack(0x000000a4fa600000,0x000000a4fa700000)]
  0x000001e5c3cb89a0 JavaThread "Cache worker for cache directory md-supplier (C:\Users\HP\.gradle\caches\8.9\md-supplier)" [_thread_blocked, id=12036, stack(0x000000a4fa700000,0x000000a4fa800000)]

Other Threads:
=>0x000001e5bd36b660 VMThread "VM Thread" [stack: 0x000000a4f8000000,0x000000a4f8100000] [id=5448]
  0x000001e5bd7a6360 WatcherThread [stack: 0x000000a4f8d00000,0x000000a4f8e00000] [id=10044]
  0x000001e5a3dbba70 GCTaskThread "GC Thread#0" [stack: 0x000000a4f7b00000,0x000000a4f7c00000] [id=15600]
  0x000001e5bd88e510 GCTaskThread "GC Thread#1" [stack: 0x000000a4f8e00000,0x000000a4f8f00000] [id=12084]
  0x000001e5bd88a9b0 GCTaskThread "GC Thread#2" [stack: 0x000000a4f8f00000,0x000000a4f9000000] [id=320]
  0x000001e5bd8101e0 GCTaskThread "GC Thread#3" [stack: 0x000000a4f9000000,0x000000a4f9100000] [id=16008]
  0x000001e5a3dcc8d0 ConcurrentGCThread "G1 Main Marker" [stack: 0x000000a4f7c00000,0x000000a4f7d00000] [id=8860]
  0x000001e5a3dcd9a0 ConcurrentGCThread "G1 Conc#0" [stack: 0x000000a4f7d00000,0x000000a4f7e00000] [id=3388]
  0x000001e5a3e1eb30 ConcurrentGCThread "G1 Refine#0" [stack: 0x000000a4f7e00000,0x000000a4f7f00000] [id=7404]
  0x000001e5c2227670 ConcurrentGCThread "G1 Refine#1" [stack: 0x000000a4f9200000,0x000000a4f9300000] [id=9572]
  0x000001e5bd1be680 ConcurrentGCThread "G1 Service" [stack: 0x000000a4f7f00000,0x000000a4f8000000] [id=16564]

Threads with active compile tasks:
C2 CompilerThread1     8660 3752       4       java.lang.String::split (327 bytes)

VM state: at safepoint (normal execution)

VM Mutex/Monitor currently owned by a thread:  ([mutex/lock_event])
[0x000001e5a3d5c7a0] Threads_lock - owner thread: 0x000001e5bd36b660
[0x000001e5a3d5b750] Heap_lock - owner thread: 0x000001e5c3b83130

Heap address: 0x0000000080000000, size: 2048 MB, Compressed Oops mode: 32-bit

CDS archive(s) not mapped
Compressed class space mapped at: 0x0000000100000000-0x0000000140000000, reserved size: 1073741824
Narrow klass base: 0x0000000000000000, Narrow klass shift: 3, Narrow klass range: 0x140000000

GC Precious Log:
 CPUs: 4 total, 4 available
 Memory: 12169M
 Large Page Support: Disabled
 NUMA Support: Disabled
 Compressed Oops: Enabled (32-bit)
 Heap Region Size: 1M
 Heap Min Capacity: 8M
 Heap Initial Capacity: 192M
 Heap Max Capacity: 2G
 Pre-touch: Disabled
 Parallel Workers: 4
 Concurrent Workers: 1
 Concurrent Refinement Workers: 4
 Periodic GC: Disabled

Heap:
 garbage-first heap   total 166912K, used 31015K [0x0000000080000000, 0x0000000100000000)
  region size 1024K, 2 young (2048K), 2 survivors (2048K)
 Metaspace       used 43315K, committed 43776K, reserved 1114112K
  class space    used 5782K, committed 6016K, reserved 1048576K

Heap Regions: E=young(eden), S=young(survivor), O=old, HS=humongous(starts), HC=humongous(continues), CS=collection set, F=free, OA=open archive, CA=closed archive, TAMS=top-at-mark-start (previous, next)
|   0|0x0000000080000000, 0x0000000080100000, 0x0000000080100000|100%|HS|  |TAMS 0x0000000080100000, 0x0000000080000000| Complete 
|   1|0x0000000080100000, 0x0000000080200000, 0x0000000080200000|100%|HC|  |TAMS 0x0000000080200000, 0x0000000080100000| Complete 
|   2|0x0000000080200000, 0x0000000080300000, 0x0000000080300000|100%|HC|  |TAMS 0x0000000080300000, 0x0000000080200000| Complete 
|   3|0x0000000080300000, 0x0000000080400000, 0x0000000080400000|100%|HC|  |TAMS 0x0000000080400000, 0x0000000080300000| Complete 
|   4|0x0000000080400000, 0x0000000080500000, 0x0000000080500000|100%| O|  |TAMS 0x0000000080500000, 0x0000000080400000| Untracked 
|   5|0x0000000080500000, 0x0000000080600000, 0x0000000080600000|100%| O|  |TAMS 0x0000000080600000, 0x0000000080500000| Untracked 
|   6|0x0000000080600000, 0x0000000080700000, 0x0000000080700000|100%| O|  |TAMS 0x0000000080700000, 0x0000000080600000| Untracked 
|   7|0x0000000080700000, 0x0000000080800000, 0x0000000080800000|100%| O|  |TAMS 0x0000000080800000, 0x0000000080700000| Untracked 
|   8|0x0000000080800000, 0x0000000080900000, 0x0000000080900000|100%|HS|  |TAMS 0x0000000080900000, 0x0000000080800000| Complete 
|   9|0x0000000080900000, 0x0000000080a00000, 0x0000000080a00000|100%| O|  |TAMS 0x0000000080900000, 0x0000000080900000| Untracked 
|  10|0x0000000080a00000, 0x0000000080b00000, 0x0000000080b00000|100%| O|  |TAMS 0x0000000080b00000, 0x0000000080a00000| Untracked 
|  11|0x0000000080b00000, 0x0000000080c00000, 0x0000000080c00000|100%| O|  |TAMS 0x0000000080c00000, 0x0000000080b00000| Untracked 
|  12|0x0000000080c00000, 0x0000000080d00000, 0x0000000080d00000|100%| O|  |TAMS 0x0000000080d00000, 0x0000000080c00000| Untracked 
|  13|0x0000000080d00000, 0x0000000080e00000, 0x0000000080e00000|100%| O|  |TAMS 0x0000000080e00000, 0x0000000080d00000| Untracked 
|  14|0x0000000080e00000, 0x0000000080f00000, 0x0000000080f00000|100%| O|  |TAMS 0x0000000080f00000, 0x0000000080e00000| Untracked 
|  15|0x0000000080f00000, 0x0000000081000000, 0x0000000081000000|100%| O|  |TAMS 0x0000000081000000, 0x0000000080f00000| Untracked 
|  16|0x0000000081000000, 0x0000000081100000, 0x0000000081100000|100%| O|  |TAMS 0x0000000081100000, 0x0000000081000000| Untracked 
|  17|0x0000000081100000, 0x0000000081200000, 0x0000000081200000|100%| O|  |TAMS 0x0000000081200000, 0x0000000081100000| Untracked 
|  18|0x0000000081200000, 0x0000000081300000, 0x0000000081300000|100%| O|  |TAMS 0x0000000081300000, 0x0000000081200000| Untracked 
|  19|0x0000000081300000, 0x0000000081400000, 0x0000000081400000|100%| O|  |TAMS 0x0000000081400000, 0x0000000081300000| Untracked 
|  20|0x0000000081400000, 0x0000000081500000, 0x0000000081500000|100%| O|  |TAMS 0x0000000081500000, 0x0000000081400000| Untracked 
|  21|0x0000000081500000, 0x0000000081600000, 0x0000000081600000|100%| O|  |TAMS 0x0000000081600000, 0x0000000081500000| Untracked 
|  22|0x0000000081600000, 0x0000000081600000, 0x0000000081700000|  0%| F|  |TAMS 0x0000000081600000, 0x0000000081600000| Untracked 
|  23|0x0000000081700000, 0x0000000081800000, 0x0000000081800000|100%| O|  |TAMS 0x0000000081700000, 0x0000000081700000| Untracked 
|  24|0x0000000081800000, 0x0000000081900000, 0x0000000081900000|100%| O|  |TAMS 0x0000000081800000, 0x0000000081800000| Untracked 
|  25|0x0000000081900000, 0x0000000081a00000, 0x0000000081a00000|100%| O|  |TAMS 0x0000000081900000, 0x0000000081900000| Untracked 
|  26|0x0000000081a00000, 0x0000000081b00000, 0x0000000081b00000|100%| O|  |TAMS 0x0000000081a00000, 0x0000000081a00000| Untracked 
|  27|0x0000000081b00000, 0x0000000081c00000, 0x0000000081c00000|100%| O|  |TAMS 0x0000000081b00000, 0x0000000081b00000| Untracked 
|  28|0x0000000081c00000, 0x0000000081d00000, 0x0000000081d00000|100%| O|  |TAMS 0x0000000081c00000, 0x0000000081c00000| Untracked 
|  29|0x0000000081d00000, 0x0000000081d6b400, 0x0000000081e00000| 41%| O|  |TAMS 0x0000000081d00000, 0x0000000081d00000| Untracked 
|  30|0x0000000081e00000, 0x0000000081e00000, 0x0000000081f00000|  0%| F|  |TAMS 0x0000000081e00000, 0x0000000081e00000| Untracked 
|  31|0x0000000081f00000, 0x0000000081f00000, 0x0000000082000000|  0%| F|  |TAMS 0x0000000081f00000, 0x0000000081f00000| Untracked 
|  32|0x0000000082000000, 0x0000000082000000, 0x0000000082100000|  0%| F|  |TAMS 0x0000000082000000, 0x0000000082000000| Untracked 
|  33|0x0000000082100000, 0x0000000082100000, 0x0000000082200000|  0%| F|  |TAMS 0x0000000082100000, 0x0000000082100000| Untracked 
|  34|0x0000000082200000, 0x0000000082200000, 0x0000000082300000|  0%| F|  |TAMS 0x0000000082200000, 0x0000000082200000| Untracked 
|  35|0x0000000082300000, 0x0000000082300000, 0x0000000082400000|  0%| F|  |TAMS 0x0000000082300000, 0x0000000082300000| Untracked 
|  36|0x0000000082400000, 0x0000000082400000, 0x0000000082500000|  0%| F|  |TAMS 0x0000000082400000, 0x0000000082400000| Untracked 
|  37|0x0000000082500000, 0x0000000082500000, 0x0000000082600000|  0%| F|  |TAMS 0x0000000082500000, 0x0000000082500000| Untracked 
|  38|0x0000000082600000, 0x0000000082600000, 0x0000000082700000|  0%| F|  |TAMS 0x0000000082600000, 0x0000000082600000| Untracked 
|  39|0x0000000082700000, 0x0000000082700000, 0x0000000082800000|  0%| F|  |TAMS 0x0000000082700000, 0x0000000082700000| Untracked 
|  40|0x0000000082800000, 0x0000000082800000, 0x0000000082900000|  0%| F|  |TAMS 0x0000000082800000, 0x0000000082800000| Untracked 
|  41|0x0000000082900000, 0x0000000082900000, 0x0000000082a00000|  0%| F|  |TAMS 0x0000000082900000, 0x0000000082900000| Untracked 
|  42|0x0000000082a00000, 0x0000000082a00000, 0x0000000082b00000|  0%| F|  |TAMS 0x0000000082a00000, 0x0000000082a00000| Untracked 
|  43|0x0000000082b00000, 0x0000000082b00000, 0x0000000082c00000|  0%| F|  |TAMS 0x0000000082b00000, 0x0000000082b00000| Untracked 
|  44|0x0000000082c00000, 0x0000000082cdea20, 0x0000000082d00000| 86%| S|CS|TAMS 0x0000000082c00000, 0x0000000082c00000| Complete 
|  45|0x0000000082d00000, 0x0000000082e00000, 0x0000000082e00000|100%| S|CS|TAMS 0x0000000082d00000, 0x0000000082d00000| Complete 
|  46|0x0000000082e00000, 0x0000000082e00000, 0x0000000082f00000|  0%| F|  |TAMS 0x0000000082e00000, 0x0000000082e00000| Untracked 
|  47|0x0000000082f00000, 0x0000000082f00000, 0x0000000083000000|  0%| F|  |TAMS 0x0000000082f00000, 0x0000000082f00000| Untracked 
|  48|0x0000000083000000, 0x0000000083000000, 0x0000000083100000|  0%| F|  |TAMS 0x0000000083000000, 0x0000000083000000| Untracked 
|  49|0x0000000083100000, 0x0000000083100000, 0x0000000083200000|  0%| F|  |TAMS 0x0000000083100000, 0x0000000083100000| Untracked 
|  50|0x0000000083200000, 0x0000000083200000, 0x0000000083300000|  0%| F|  |TAMS 0x0000000083200000, 0x0000000083200000| Untracked 
|  51|0x0000000083300000, 0x0000000083300000, 0x0000000083400000|  0%| F|  |TAMS 0x0000000083300000, 0x0000000083300000| Untracked 
|  52|0x0000000083400000, 0x0000000083400000, 0x0000000083500000|  0%| F|  |TAMS 0x0000000083400000, 0x0000000083400000| Untracked 
|  53|0x0000000083500000, 0x0000000083500000, 0x0000000083600000|  0%| F|  |TAMS 0x0000000083500000, 0x0000000083500000| Untracked 
|  54|0x0000000083600000, 0x0000000083600000, 0x0000000083700000|  0%| F|  |TAMS 0x0000000083600000, 0x0000000083600000| Untracked 
|  55|0x0000000083700000, 0x0000000083700000, 0x0000000083800000|  0%| F|  |TAMS 0x0000000083700000, 0x0000000083700000| Untracked 
|  56|0x0000000083800000, 0x0000000083800000, 0x0000000083900000|  0%| F|  |TAMS 0x0000000083800000, 0x0000000083800000| Untracked 
|  57|0x0000000083900000, 0x0000000083900000, 0x0000000083a00000|  0%| F|  |TAMS 0x0000000083900000, 0x0000000083900000| Untracked 
|  58|0x0000000083a00000, 0x0000000083a00000, 0x0000000083b00000|  0%| F|  |TAMS 0x0000000083a00000, 0x0000000083a00000| Untracked 
|  59|0x0000000083b00000, 0x0000000083b00000, 0x0000000083c00000|  0%| F|  |TAMS 0x0000000083b00000, 0x0000000083b00000| Untracked 
|  60|0x0000000083c00000, 0x0000000083c00000, 0x0000000083d00000|  0%| F|  |TAMS 0x0000000083c00000, 0x0000000083c00000| Untracked 
|  61|0x0000000083d00000, 0x0000000083d00000, 0x0000000083e00000|  0%| F|  |TAMS 0x0000000083d00000, 0x0000000083d00000| Untracked 
|  62|0x0000000083e00000, 0x0000000083e00000, 0x0000000083f00000|  0%| F|  |TAMS 0x0000000083e00000, 0x0000000083e00000| Untracked 
|  63|0x0000000083f00000, 0x0000000083f00000, 0x0000000084000000|  0%| F|  |TAMS 0x0000000083f00000, 0x0000000083f00000| Untracked 
|  64|0x0000000084000000, 0x0000000084000000, 0x0000000084100000|  0%| F|  |TAMS 0x0000000084000000, 0x0000000084000000| Untracked 
|  65|0x0000000084100000, 0x0000000084100000, 0x0000000084200000|  0%| F|  |TAMS 0x0000000084100000, 0x0000000084100000| Untracked 
|  66|0x0000000084200000, 0x0000000084200000, 0x0000000084300000|  0%| F|  |TAMS 0x0000000084200000, 0x0000000084200000| Untracked 
|  67|0x0000000084300000, 0x0000000084300000, 0x0000000084400000|  0%| F|  |TAMS 0x0000000084300000, 0x0000000084300000| Untracked 
|  68|0x0000000084400000, 0x0000000084400000, 0x0000000084500000|  0%| F|  |TAMS 0x0000000084400000, 0x0000000084400000| Untracked 
|  69|0x0000000084500000, 0x0000000084500000, 0x0000000084600000|  0%| F|  |TAMS 0x0000000084500000, 0x0000000084500000| Untracked 
|  70|0x0000000084600000, 0x0000000084600000, 0x0000000084700000|  0%| F|  |TAMS 0x0000000084600000, 0x0000000084600000| Untracked 
|  71|0x0000000084700000, 0x0000000084700000, 0x0000000084800000|  0%| F|  |TAMS 0x0000000084700000, 0x0000000084700000| Untracked 
|  72|0x0000000084800000, 0x0000000084800000, 0x0000000084900000|  0%| F|  |TAMS 0x0000000084800000, 0x0000000084800000| Untracked 
|  73|0x0000000084900000, 0x0000000084900000, 0x0000000084a00000|  0%| F|  |TAMS 0x0000000084900000, 0x0000000084900000| Untracked 
|  74|0x0000000084a00000, 0x0000000084a00000, 0x0000000084b00000|  0%| F|  |TAMS 0x0000000084a00000, 0x0000000084a00000| Untracked 
|  75|0x0000000084b00000, 0x0000000084b00000, 0x0000000084c00000|  0%| F|  |TAMS 0x0000000084b00000, 0x0000000084b00000| Untracked 
|  76|0x0000000084c00000, 0x0000000084c00000, 0x0000000084d00000|  0%| F|  |TAMS 0x0000000084c00000, 0x0000000084c00000| Untracked 
|  77|0x0000000084d00000, 0x0000000084d00000, 0x0000000084e00000|  0%| F|  |TAMS 0x0000000084d00000, 0x0000000084d00000| Untracked 
|  78|0x0000000084e00000, 0x0000000084e00000, 0x0000000084f00000|  0%| F|  |TAMS 0x0000000084e00000, 0x0000000084e00000| Untracked 
|  79|0x0000000084f00000, 0x0000000084f00000, 0x0000000085000000|  0%| F|  |TAMS 0x0000000084f00000, 0x0000000084f00000| Untracked 
|  80|0x0000000085000000, 0x0000000085000000, 0x0000000085100000|  0%| F|  |TAMS 0x0000000085000000, 0x0000000085000000| Untracked 
|  81|0x0000000085100000, 0x0000000085100000, 0x0000000085200000|  0%| F|  |TAMS 0x0000000085100000, 0x0000000085100000| Untracked 
|  82|0x0000000085200000, 0x0000000085200000, 0x0000000085300000|  0%| F|  |TAMS 0x0000000085200000, 0x0000000085200000| Untracked 
|  83|0x0000000085300000, 0x0000000085300000, 0x0000000085400000|  0%| F|  |TAMS 0x0000000085300000, 0x0000000085300000| Untracked 
|  84|0x0000000085400000, 0x0000000085400000, 0x0000000085500000|  0%| F|  |TAMS 0x0000000085400000, 0x0000000085400000| Untracked 
|  85|0x0000000085500000, 0x0000000085500000, 0x0000000085600000|  0%| F|  |TAMS 0x0000000085500000, 0x0000000085500000| Untracked 
|  86|0x0000000085600000, 0x0000000085600000, 0x0000000085700000|  0%| F|  |TAMS 0x0000000085600000, 0x0000000085600000| Untracked 
|  87|0x0000000085700000, 0x0000000085700000, 0x0000000085800000|  0%| F|  |TAMS 0x0000000085700000, 0x0000000085700000| Untracked 
|  88|0x0000000085800000, 0x0000000085800000, 0x0000000085900000|  0%| F|  |TAMS 0x0000000085800000, 0x0000000085800000| Untracked 
|  89|0x0000000085900000, 0x0000000085900000, 0x0000000085a00000|  0%| F|  |TAMS 0x0000000085900000, 0x0000000085900000| Untracked 
|  90|0x0000000085a00000, 0x0000000085a00000, 0x0000000085b00000|  0%| F|  |TAMS 0x0000000085a00000, 0x0000000085a00000| Untracked 
|  91|0x0000000085b00000, 0x0000000085b00000, 0x0000000085c00000|  0%| F|  |TAMS 0x0000000085b00000, 0x0000000085b00000| Untracked 
|  92|0x0000000085c00000, 0x0000000085c00000, 0x0000000085d00000|  0%| F|  |TAMS 0x0000000085c00000, 0x0000000085c00000| Untracked 
|  93|0x0000000085d00000, 0x0000000085d00000, 0x0000000085e00000|  0%| F|  |TAMS 0x0000000085d00000, 0x0000000085d00000| Untracked 
|  94|0x0000000085e00000, 0x0000000085e00000, 0x0000000085f00000|  0%| F|  |TAMS 0x0000000085e00000, 0x0000000085e00000| Untracked 
|  95|0x0000000085f00000, 0x0000000085f00000, 0x0000000086000000|  0%| F|  |TAMS 0x0000000085f00000, 0x0000000085f00000| Untracked 
|  96|0x0000000086000000, 0x0000000086000000, 0x0000000086100000|  0%| F|  |TAMS 0x0000000086000000, 0x0000000086000000| Untracked 
|  97|0x0000000086100000, 0x0000000086100000, 0x0000000086200000|  0%| F|  |TAMS 0x0000000086100000, 0x0000000086100000| Untracked 
|  98|0x0000000086200000, 0x0000000086200000, 0x0000000086300000|  0%| F|  |TAMS 0x0000000086200000, 0x0000000086200000| Untracked 
|  99|0x0000000086300000, 0x0000000086300000, 0x0000000086400000|  0%| F|  |TAMS 0x0000000086300000, 0x0000000086300000| Untracked 
| 100|0x0000000086400000, 0x0000000086400000, 0x0000000086500000|  0%| F|  |TAMS 0x0000000086400000, 0x0000000086400000| Untracked 
| 101|0x0000000086500000, 0x0000000086500000, 0x0000000086600000|  0%| F|  |TAMS 0x0000000086500000, 0x0000000086500000| Untracked 
| 102|0x0000000086600000, 0x0000000086600000, 0x0000000086700000|  0%| F|  |TAMS 0x0000000086600000, 0x0000000086600000| Untracked 
| 103|0x0000000086700000, 0x0000000086700000, 0x0000000086800000|  0%| F|  |TAMS 0x0000000086700000, 0x0000000086700000| Untracked 
| 104|0x0000000086800000, 0x0000000086800000, 0x0000000086900000|  0%| F|  |TAMS 0x0000000086800000, 0x0000000086800000| Untracked 
| 105|0x0000000086900000, 0x0000000086900000, 0x0000000086a00000|  0%| F|  |TAMS 0x0000000086900000, 0x0000000086900000| Untracked 
| 106|0x0000000086a00000, 0x0000000086a00000, 0x0000000086b00000|  0%| F|  |TAMS 0x0000000086a00000, 0x0000000086a00000| Untracked 
| 107|0x0000000086b00000, 0x0000000086b00000, 0x0000000086c00000|  0%| F|  |TAMS 0x0000000086b00000, 0x0000000086b00000| Untracked 
| 108|0x0000000086c00000, 0x0000000086c00000, 0x0000000086d00000|  0%| F|  |TAMS 0x0000000086c00000, 0x0000000086c00000| Untracked 
| 109|0x0000000086d00000, 0x0000000086d00000, 0x0000000086e00000|  0%| F|  |TAMS 0x0000000086d00000, 0x0000000086d00000| Untracked 
| 110|0x0000000086e00000, 0x0000000086e00000, 0x0000000086f00000|  0%| F|  |TAMS 0x0000000086e00000, 0x0000000086e00000| Untracked 
| 111|0x0000000086f00000, 0x0000000086f00000, 0x0000000087000000|  0%| F|  |TAMS 0x0000000086f00000, 0x0000000086f00000| Untracked 
| 112|0x0000000087000000, 0x0000000087000000, 0x0000000087100000|  0%| F|  |TAMS 0x0000000087000000, 0x0000000087000000| Untracked 
| 113|0x0000000087100000, 0x0000000087100000, 0x0000000087200000|  0%| F|  |TAMS 0x0000000087100000, 0x0000000087100000| Untracked 
| 114|0x0000000087200000, 0x0000000087200000, 0x0000000087300000|  0%| F|  |TAMS 0x0000000087200000, 0x0000000087200000| Untracked 
| 115|0x0000000087300000, 0x0000000087300000, 0x0000000087400000|  0%| F|  |TAMS 0x0000000087300000, 0x0000000087300000| Untracked 
| 116|0x0000000087400000, 0x0000000087400000, 0x0000000087500000|  0%| F|  |TAMS 0x0000000087400000, 0x0000000087400000| Untracked 
| 117|0x0000000087500000, 0x0000000087500000, 0x0000000087600000|  0%| F|  |TAMS 0x0000000087500000, 0x0000000087500000| Untracked 
| 118|0x0000000087600000, 0x0000000087600000, 0x0000000087700000|  0%| F|  |TAMS 0x0000000087600000, 0x0000000087600000| Untracked 
| 119|0x0000000087700000, 0x0000000087700000, 0x0000000087800000|  0%| F|  |TAMS 0x0000000087700000, 0x0000000087700000| Untracked 
| 120|0x0000000087800000, 0x0000000087800000, 0x0000000087900000|  0%| F|  |TAMS 0x0000000087800000, 0x0000000087800000| Untracked 
| 121|0x0000000087900000, 0x0000000087900000, 0x0000000087a00000|  0%| F|  |TAMS 0x0000000087900000, 0x0000000087900000| Untracked 
| 122|0x0000000087a00000, 0x0000000087a00000, 0x0000000087b00000|  0%| F|  |TAMS 0x0000000087a00000, 0x0000000087a00000| Untracked 
| 123|0x0000000087b00000, 0x0000000087b00000, 0x0000000087c00000|  0%| F|  |TAMS 0x0000000087b00000, 0x0000000087b00000| Untracked 
| 124|0x0000000087c00000, 0x0000000087c00000, 0x0000000087d00000|  0%| F|  |TAMS 0x0000000087c00000, 0x0000000087c00000| Untracked 
| 125|0x0000000087d00000, 0x0000000087d00000, 0x0000000087e00000|  0%| F|  |TAMS 0x0000000087d00000, 0x0000000087d00000| Untracked 
| 126|0x0000000087e00000, 0x0000000087e00000, 0x0000000087f00000|  0%| F|  |TAMS 0x0000000087e00000, 0x0000000087e00000| Untracked 
| 127|0x0000000087f00000, 0x0000000087f00000, 0x0000000088000000|  0%| F|  |TAMS 0x0000000087f00000, 0x0000000087f00000| Untracked 
| 128|0x0000000088000000, 0x0000000088000000, 0x0000000088100000|  0%| F|  |TAMS 0x0000000088000000, 0x0000000088000000| Untracked 
| 129|0x0000000088100000, 0x0000000088100000, 0x0000000088200000|  0%| F|  |TAMS 0x0000000088100000, 0x0000000088100000| Untracked 
| 130|0x0000000088200000, 0x0000000088200000, 0x0000000088300000|  0%| F|  |TAMS 0x0000000088200000, 0x0000000088200000| Untracked 
| 131|0x0000000088300000, 0x0000000088300000, 0x0000000088400000|  0%| F|  |TAMS 0x0000000088300000, 0x0000000088300000| Untracked 
| 132|0x0000000088400000, 0x0000000088400000, 0x0000000088500000|  0%| F|  |TAMS 0x0000000088400000, 0x0000000088400000| Untracked 
| 133|0x0000000088500000, 0x0000000088500000, 0x0000000088600000|  0%| F|  |TAMS 0x0000000088500000, 0x0000000088500000| Untracked 
| 134|0x0000000088600000, 0x0000000088600000, 0x0000000088700000|  0%| F|  |TAMS 0x0000000088600000, 0x0000000088600000| Untracked 
| 135|0x0000000088700000, 0x0000000088700000, 0x0000000088800000|  0%| F|  |TAMS 0x0000000088700000, 0x0000000088700000| Untracked 
| 136|0x0000000088800000, 0x0000000088800000, 0x0000000088900000|  0%| F|  |TAMS 0x0000000088800000, 0x0000000088800000| Untracked 
| 137|0x0000000088900000, 0x0000000088900000, 0x0000000088a00000|  0%| F|  |TAMS 0x0000000088900000, 0x0000000088900000| Untracked 
| 138|0x0000000088a00000, 0x0000000088a00000, 0x0000000088b00000|  0%| F|  |TAMS 0x0000000088a00000, 0x0000000088a00000| Untracked 
| 139|0x0000000088b00000, 0x0000000088b00000, 0x0000000088c00000|  0%| F|  |TAMS 0x0000000088b00000, 0x0000000088b00000| Untracked 
| 140|0x0000000088c00000, 0x0000000088c00000, 0x0000000088d00000|  0%| F|  |TAMS 0x0000000088c00000, 0x0000000088c00000| Untracked 
| 141|0x0000000088d00000, 0x0000000088d00000, 0x0000000088e00000|  0%| F|  |TAMS 0x0000000088d00000, 0x0000000088d00000| Untracked 
| 142|0x0000000088e00000, 0x0000000088e00000, 0x0000000088f00000|  0%| F|  |TAMS 0x0000000088e00000, 0x0000000088e00000| Untracked 
| 143|0x0000000088f00000, 0x0000000088f00000, 0x0000000089000000|  0%| F|  |TAMS 0x0000000088f00000, 0x0000000088f00000| Untracked 
| 144|0x0000000089000000, 0x0000000089000000, 0x0000000089100000|  0%| F|  |TAMS 0x0000000089000000, 0x0000000089000000| Untracked 
| 145|0x0000000089100000, 0x0000000089100000, 0x0000000089200000|  0%| F|  |TAMS 0x0000000089100000, 0x0000000089100000| Untracked 
| 146|0x0000000089200000, 0x0000000089200000, 0x0000000089300000|  0%| F|  |TAMS 0x0000000089200000, 0x0000000089200000| Untracked 
| 147|0x0000000089300000, 0x0000000089300000, 0x0000000089400000|  0%| F|  |TAMS 0x0000000089300000, 0x0000000089300000| Untracked 
| 148|0x0000000089400000, 0x0000000089400000, 0x0000000089500000|  0%| F|  |TAMS 0x0000000089400000, 0x0000000089400000| Untracked 
| 149|0x0000000089500000, 0x0000000089500000, 0x0000000089600000|  0%| F|  |TAMS 0x0000000089500000, 0x0000000089500000| Untracked 
| 150|0x0000000089600000, 0x0000000089600000, 0x0000000089700000|  0%| F|  |TAMS 0x0000000089600000, 0x0000000089600000| Untracked 
| 151|0x0000000089700000, 0x0000000089700000, 0x0000000089800000|  0%| F|  |TAMS 0x0000000089700000, 0x0000000089700000| Untracked 
| 152|0x0000000089800000, 0x0000000089800000, 0x0000000089900000|  0%| F|  |TAMS 0x0000000089800000, 0x0000000089800000| Untracked 
| 153|0x0000000089900000, 0x0000000089900000, 0x0000000089a00000|  0%| F|  |TAMS 0x0000000089900000, 0x0000000089900000| Untracked 
| 154|0x0000000089a00000, 0x0000000089a00000, 0x0000000089b00000|  0%| F|  |TAMS 0x0000000089a00000, 0x0000000089a00000| Untracked 
| 155|0x0000000089b00000, 0x0000000089b00000, 0x0000000089c00000|  0%| F|  |TAMS 0x0000000089b00000, 0x0000000089b00000| Untracked 
| 156|0x0000000089c00000, 0x0000000089c00000, 0x0000000089d00000|  0%| F|  |TAMS 0x0000000089c00000, 0x0000000089c00000| Untracked 
| 157|0x0000000089d00000, 0x0000000089d00000, 0x0000000089e00000|  0%| F|  |TAMS 0x0000000089d00000, 0x0000000089d00000| Untracked 
| 158|0x0000000089e00000, 0x0000000089e00000, 0x0000000089f00000|  0%| F|  |TAMS 0x0000000089e00000, 0x0000000089e00000| Untracked 
| 159|0x0000000089f00000, 0x0000000089f00000, 0x000000008a000000|  0%| F|  |TAMS 0x0000000089f00000, 0x0000000089f00000| Untracked 
| 160|0x000000008a000000, 0x000000008a000000, 0x000000008a100000|  0%| F|  |TAMS 0x000000008a000000, 0x000000008a000000| Untracked 
| 190|0x000000008be00000, 0x000000008be00000, 0x000000008bf00000|  0%| F|  |TAMS 0x000000008be00000, 0x000000008be00000| Untracked 
| 191|0x000000008bf00000, 0x000000008bf00000, 0x000000008c000000|  0%| F|  |TAMS 0x000000008bf00000, 0x000000008bf00000| Untracked 

Card table byte_map: [0x000001e5b6640000,0x000001e5b6a40000] _byte_map_base: 0x000001e5b6240000

Marking Bits (Prev, Next): (CMBitMap*) 0x000001e5a3dbbfa0, (CMBitMap*) 0x000001e5a3dbbfe0
 Prev Bits: [0x000001e5b6e40000, 0x000001e5b8e40000)
 Next Bits: [0x000001e5b8e40000, 0x000001e5bae40000)

Polling page: 0x000001e5a3520000

Metaspace:

Usage:
  Non-class:     36.65 MB used.
      Class:      5.65 MB used.
       Both:     42.30 MB used.

Virtual space:
  Non-class space:       64.00 MB reserved,      36.88 MB ( 58%) committed,  1 nodes.
      Class space:        1.00 GB reserved,       5.88 MB ( <1%) committed,  1 nodes.
             Both:        1.06 GB reserved,      42.75 MB (  4%) committed. 

Chunk freelists:
   Non-Class:  11.03 MB
       Class:  9.95 MB
        Both:  20.98 MB

MaxMetaspaceSize: unlimited
CompressedClassSpaceSize: 1.00 GB
Initial GC threshold: 21.00 MB
Current GC threshold: 59.06 MB
CDS: off
MetaspaceReclaimPolicy: balanced
 - commit_granule_bytes: 65536.
 - commit_granule_words: 8192.
 - virtual_space_node_default_size: 8388608.
 - enlarge_chunks_in_place: 1.
 - new_chunks_are_fully_committed: 0.
 - uncommit_free_chunks: 1.
 - use_allocation_guard: 0.
 - handle_deallocations: 1.


Internal statistics:

num_allocs_failed_limit: 6.
num_arena_births: 464.
num_arena_deaths: 0.
num_vsnodes_births: 2.
num_vsnodes_deaths: 0.
num_space_committed: 684.
num_space_uncommitted: 0.
num_chunks_returned_to_freelist: 6.
num_chunks_taken_from_freelist: 1740.
num_chunk_merges: 6.
num_chunk_splits: 1152.
num_chunks_enlarged: 790.
num_inconsistent_stats: 0.

CodeHeap 'non-profiled nmethods': size=120000Kb used=2176Kb max_used=2176Kb free=117823Kb
 bounds [0x000001e5aed10000, 0x000001e5aef80000, 0x000001e5b6240000]
CodeHeap 'profiled nmethods': size=120000Kb used=7928Kb max_used=7928Kb free=112071Kb
 bounds [0x000001e5a7240000, 0x000001e5a7a00000, 0x000001e5ae770000]
CodeHeap 'non-nmethods': size=5760Kb used=1596Kb max_used=1628Kb free=4164Kb
 bounds [0x000001e5ae770000, 0x000001e5ae9e0000, 0x000001e5aed10000]
 total_blobs=4512 nmethods=3852 adapters=572
 compilation: enabled
              stopped_count=0, restarted_count=0
 full_count=0

Compilation events (20 events):
Event: 8.541 Thread 0x000001e5bd4dd6c0 3849       4       java.lang.Class::getClassLoader (28 bytes)
Event: 8.542 Thread 0x000001e5bd4dd6c0 nmethod 3849 0x000001e5aef2d390 code [0x000001e5aef2d500, 0x000001e5aef2d5b8]
Event: 8.542 Thread 0x000001e5bd4dd6c0 3811   !   4       java.security.AccessController::doPrivileged (26 bytes)
Event: 8.543 Thread 0x000001e5bd4de820 3855       3       java.io.File::getName (42 bytes)
Event: 8.544 Thread 0x000001e5bd4dd6c0 nmethod 3811 0x000001e5aef2d690 code [0x000001e5aef2d820, 0x000001e5aef2d958]
Event: 8.544 Thread 0x000001e5bd4dd6c0 3819  s    4       jdk.internal.loader.Resource::cachedInputStream (20 bytes)
Event: 8.544 Thread 0x000001e5bd4de820 nmethod 3855 0x000001e5a79fac90 code [0x000001e5a79faee0, 0x000001e5a79fb718]
Event: 8.547 Thread 0x000001e5bd4dd6c0 nmethod 3819 0x000001e5aef2db10 code [0x000001e5aef2dca0, 0x000001e5aef2e088]
Event: 8.555 Thread 0x000001e5bd4de820 3856   !   3       java.util.zip.ZipFile$CleanableResource::run (251 bytes)
Event: 8.556 Thread 0x000001e5bd4de820 nmethod 3856 0x000001e5a79fba90 code [0x000001e5a79fbd40, 0x000001e5a79fcdb8]
Event: 8.556 Thread 0x000001e5bd4de820 3857   !   3       java.util.zip.ZipFile$Source::release (50 bytes)
Event: 8.556 Thread 0x000001e5bd4de820 nmethod 3857 0x000001e5a79fd590 code [0x000001e5a79fd760, 0x000001e5a79fdad8]
Event: 8.565 Thread 0x000001e5bd4dd6c0 3858       4       org.gradle.api.internal.classpath.DefaultModuleRegistry::getModules (51 bytes)
Event: 8.595 Thread 0x000001e5bd4dd6c0 nmethod 3858 0x000001e5aef2e210 code [0x000001e5aef2e400, 0x000001e5aef2eff0]
Event: 8.595 Thread 0x000001e5bd4dd6c0 3859 %     4       java.util.LinkedHashMap::keysToArray @ 10 (38 bytes)
Event: 8.600 Thread 0x000001e5bd4dd6c0 nmethod 3859% 0x000001e5aef2f910 code [0x000001e5aef2faa0, 0x000001e5aef2fd38]
Event: 8.605 Thread 0x000001e5bd4dd6c0 3860       4       java.util.LinkedHashMap::keysToArray (38 bytes)
Event: 8.614 Thread 0x000001e5bd4dd6c0 nmethod 3860 0x000001e5aef2fe90 code [0x000001e5aef30020, 0x000001e5aef301f8]
Event: 8.614 Thread 0x000001e5bd4de820 3861       3       jdk.internal.loader.URLClassPath$JarLoader::findResource (18 bytes)
Event: 8.614 Thread 0x000001e5bd4de820 nmethod 3861 0x000001e5a79fdc90 code [0x000001e5a79fde40, 0x000001e5a79fe098]

GC Heap History (20 events):
Event: 1.510 GC heap after
{Heap after GC invocations=2 (full 0):
 garbage-first heap   total 196608K, used 11129K [0x0000000080000000, 0x0000000100000000)
  region size 1024K, 3 young (3072K), 3 survivors (3072K)
 Metaspace       used 10850K, committed 11008K, reserved 1114112K
  class space    used 1140K, committed 1216K, reserved 1048576K
}
Event: 2.895 GC heap before
{Heap before GC invocations=2 (full 0):
 garbage-first heap   total 196608K, used 75641K [0x0000000080000000, 0x0000000100000000)
  region size 1024K, 64 young (65536K), 3 survivors (3072K)
 Metaspace       used 12488K, committed 12672K, reserved 1114112K
  class space    used 1372K, committed 1472K, reserved 1048576K
}
Event: 2.903 GC heap after
{Heap after GC invocations=3 (full 0):
 garbage-first heap   total 196608K, used 17221K [0x0000000080000000, 0x0000000100000000)
  region size 1024K, 8 young (8192K), 8 survivors (8192K)
 Metaspace       used 12488K, committed 12672K, reserved 1114112K
  class space    used 1372K, committed 1472K, reserved 1048576K
}
Event: 4.124 GC heap before
{Heap before GC invocations=3 (full 0):
 garbage-first heap   total 196608K, used 47941K [0x0000000080000000, 0x0000000100000000)
  region size 1024K, 39 young (39936K), 8 survivors (8192K)
 Metaspace       used 21277K, committed 21504K, reserved 1114112K
  class space    used 2523K, committed 2688K, reserved 1048576K
}
Event: 4.137 GC heap after
{Heap after GC invocations=4 (full 0):
 garbage-first heap   total 196608K, used 20436K [0x0000000080000000, 0x0000000100000000)
  region size 1024K, 11 young (11264K), 11 survivors (11264K)
 Metaspace       used 21277K, committed 21504K, reserved 1114112K
  class space    used 2523K, committed 2688K, reserved 1048576K
}
Event: 5.017 GC heap before
{Heap before GC invocations=5 (full 0):
 garbage-first heap   total 78848K, used 55252K [0x0000000080000000, 0x0000000100000000)
  region size 1024K, 46 young (47104K), 11 survivors (11264K)
 Metaspace       used 26434K, committed 26688K, reserved 1114112K
  class space    used 3405K, committed 3520K, reserved 1048576K
}
Event: 5.030 GC heap after
{Heap after GC invocations=6 (full 0):
 garbage-first heap   total 78848K, used 22092K [0x0000000080000000, 0x0000000100000000)
  region size 1024K, 5 young (5120K), 5 survivors (5120K)
 Metaspace       used 26434K, committed 26688K, reserved 1114112K
  class space    used 3405K, committed 3520K, reserved 1048576K
}
Event: 5.064 GC heap before
{Heap before GC invocations=6 (full 0):
 garbage-first heap   total 78848K, used 23116K [0x0000000080000000, 0x0000000100000000)
  region size 1024K, 6 young (6144K), 5 survivors (5120K)
 Metaspace       used 26630K, committed 26880K, reserved 1114112K
  class space    used 3436K, committed 3584K, reserved 1048576K
}
Event: 5.074 GC heap after
{Heap after GC invocations=7 (full 0):
 garbage-first heap   total 78848K, used 22773K [0x0000000080000000, 0x0000000100000000)
  region size 1024K, 1 young (1024K), 1 survivors (1024K)
 Metaspace       used 26630K, committed 26880K, reserved 1114112K
  class space    used 3436K, committed 3584K, reserved 1048576K
}
Event: 6.064 GC heap before
{Heap before GC invocations=7 (full 0):
 garbage-first heap   total 78848K, used 58613K [0x0000000080000000, 0x0000000100000000)
  region size 1024K, 36 young (36864K), 1 survivors (1024K)
 Metaspace       used 31122K, committed 31360K, reserved 1114112K
  class space    used 4184K, committed 4288K, reserved 1048576K
}
Event: 6.070 GC heap after
{Heap after GC invocations=8 (full 0):
 garbage-first heap   total 78848K, used 23965K [0x0000000080000000, 0x0000000100000000)
  region size 1024K, 3 young (3072K), 3 survivors (3072K)
 Metaspace       used 31122K, committed 31360K, reserved 1114112K
  class space    used 4184K, committed 4288K, reserved 1048576K
}
Event: 7.250 GC heap before
{Heap before GC invocations=8 (full 0):
 garbage-first heap   total 78848K, used 58781K [0x0000000080000000, 0x0000000100000000)
  region size 1024K, 37 young (37888K), 3 survivors (3072K)
 Metaspace       used 35285K, committed 35648K, reserved 1114112K
  class space    used 4843K, committed 5056K, reserved 1048576K
}
Event: 7.257 GC heap after
{Heap after GC invocations=9 (full 0):
 garbage-first heap   total 78848K, used 25306K [0x0000000080000000, 0x0000000100000000)
  region size 1024K, 4 young (4096K), 4 survivors (4096K)
 Metaspace       used 35285K, committed 35648K, reserved 1114112K
  class space    used 4843K, committed 5056K, reserved 1048576K
}
Event: 7.312 GC heap before
{Heap before GC invocations=9 (full 0):
 garbage-first heap   total 78848K, used 27354K [0x0000000080000000, 0x0000000100000000)
  region size 1024K, 7 young (7168K), 4 survivors (4096K)
 Metaspace       used 35726K, committed 36096K, reserved 1114112K
  class space    used 4911K, committed 5120K, reserved 1048576K
}
Event: 7.319 GC heap after
{Heap after GC invocations=10 (full 0):
 garbage-first heap   total 78848K, used 25630K [0x0000000080000000, 0x0000000100000000)
  region size 1024K, 2 young (2048K), 2 survivors (2048K)
 Metaspace       used 35726K, committed 36096K, reserved 1114112K
  class space    used 4911K, committed 5120K, reserved 1048576K
}
Event: 8.261 GC heap before
{Heap before GC invocations=11 (full 0):
 garbage-first heap   total 78848K, used 61470K [0x0000000080000000, 0x0000000100000000)
  region size 1024K, 38 young (38912K), 2 survivors (2048K)
 Metaspace       used 42314K, committed 42688K, reserved 1114112K
  class space    used 5622K, committed 5760K, reserved 1048576K
}
Event: 8.272 GC heap after
{Heap after GC invocations=12 (full 0):
 garbage-first heap   total 78848K, used 29429K [0x0000000080000000, 0x0000000100000000)
  region size 1024K, 5 young (5120K), 5 survivors (5120K)
 Metaspace       used 42314K, committed 42688K, reserved 1114112K
  class space    used 5622K, committed 5760K, reserved 1048576K
}
Event: 8.289 GC heap before
{Heap before GC invocations=12 (full 0):
 garbage-first heap   total 78848K, used 30453K [0x0000000080000000, 0x0000000100000000)
  region size 1024K, 6 young (6144K), 5 survivors (5120K)
 Metaspace       used 42315K, committed 42688K, reserved 1114112K
  class space    used 5622K, committed 5760K, reserved 1048576K
}
Event: 8.298 GC heap after
{Heap after GC invocations=13 (full 0):
 garbage-first heap   total 78848K, used 29941K [0x0000000080000000, 0x0000000100000000)
  region size 1024K, 1 young (1024K), 1 survivors (1024K)
 Metaspace       used 42315K, committed 42688K, reserved 1114112K
  class space    used 5622K, committed 5760K, reserved 1048576K
}
Event: 8.622 GC heap before
{Heap before GC invocations=13 (full 0):
 garbage-first heap   total 78848K, used 60661K [0x0000000080000000, 0x0000000100000000)
  region size 1024K, 31 young (31744K), 1 survivors (1024K)
 Metaspace       used 43315K, committed 43776K, reserved 1114112K
  class space    used 5782K, committed 6016K, reserved 1048576K
}

Dll operation events (3 events):
Event: 0.013 Loaded shared library C:\Program Files\Android\Android Studio\jbr\bin\java.dll
Event: 0.187 Loaded shared library C:\Program Files\Android\Android Studio\jbr\bin\zip.dll
Event: 0.915 Loaded shared library C:\Program Files\Android\Android Studio\jbr\bin\verify.dll

Deoptimization events (20 events):
Event: 8.544 Thread 0x000001e5c3b83130 DEOPT PACKING pc=0x000001e5aef25bb8 sp=0x000000a4f99f9300
Event: 8.544 Thread 0x000001e5c3b83130 DEOPT UNPACKING pc=0x000001e5ae7c69a3 sp=0x000000a4f99f9250 mode 2
Event: 8.548 Thread 0x000001e5c3b83130 DEOPT PACKING pc=0x000001e5a790e659 sp=0x000000a4f99f9210
Event: 8.548 Thread 0x000001e5c3b83130 DEOPT UNPACKING pc=0x000001e5ae7c7143 sp=0x000000a4f99f8700 mode 0
Event: 8.548 Thread 0x000001e5c3b83130 Uncommon trap: trap_request=0xffffffbe fr.pc=0x000001e5aef25bb8 relative=0x0000000000000978
Event: 8.548 Thread 0x000001e5c3b83130 Uncommon trap: reason=profile_predicate action=maybe_recompile pc=0x000001e5aef25bb8 method=java.util.regex.Pattern$BnM.optimize(Ljava/util/regex/Pattern$Node;)Ljava/util/regex/Pattern$Node; @ 67 c2
Event: 8.548 Thread 0x000001e5c3b83130 DEOPT PACKING pc=0x000001e5aef25bb8 sp=0x000000a4f99f9300
Event: 8.548 Thread 0x000001e5c3b83130 DEOPT UNPACKING pc=0x000001e5ae7c69a3 sp=0x000000a4f99f9250 mode 2
Event: 8.550 Thread 0x000001e5c3b83130 Uncommon trap: trap_request=0xffffffbe fr.pc=0x000001e5aef25bb8 relative=0x0000000000000978
Event: 8.550 Thread 0x000001e5c3b83130 Uncommon trap: reason=profile_predicate action=maybe_recompile pc=0x000001e5aef25bb8 method=java.util.regex.Pattern$BnM.optimize(Ljava/util/regex/Pattern$Node;)Ljava/util/regex/Pattern$Node; @ 67 c2
Event: 8.550 Thread 0x000001e5c3b83130 DEOPT PACKING pc=0x000001e5aef25bb8 sp=0x000000a4f99f9300
Event: 8.550 Thread 0x000001e5c3b83130 DEOPT UNPACKING pc=0x000001e5ae7c69a3 sp=0x000000a4f99f9250 mode 2
Event: 8.552 Thread 0x000001e5c3b83130 DEOPT PACKING pc=0x000001e5a791be4e sp=0x000000a4f99f9240
Event: 8.552 Thread 0x000001e5c3b83130 DEOPT UNPACKING pc=0x000001e5ae7c7143 sp=0x000000a4f99f8708 mode 0
Event: 8.558 Thread 0x000001e5c3b83130 DEOPT PACKING pc=0x000001e5a790e659 sp=0x000000a4f99f9210
Event: 8.558 Thread 0x000001e5c3b83130 DEOPT UNPACKING pc=0x000001e5ae7c7143 sp=0x000000a4f99f8700 mode 0
Event: 8.605 Thread 0x000001e5c3b83130 DEOPT PACKING pc=0x000001e5a7490b1f sp=0x000000a4f99f96e0
Event: 8.605 Thread 0x000001e5c3b83130 DEOPT UNPACKING pc=0x000001e5ae7c7143 sp=0x000000a4f99f8b60 mode 0
Event: 8.611 Thread 0x000001e5c3b83130 DEOPT PACKING pc=0x000001e5a7490b1f sp=0x000000a4f99f96e0
Event: 8.611 Thread 0x000001e5c3b83130 DEOPT UNPACKING pc=0x000001e5ae7c7143 sp=0x000000a4f99f8b60 mode 0

Classes unloaded (0 events):
No events

Classes redefined (0 events):
No events

Internal exceptions (20 events):
Event: 7.954 Thread 0x000001e5c3b83130 Exception <a 'java/lang/ClassNotFoundException'{0x00000000835a4290}: java/lang/ObjectCustomizer> (0x00000000835a4290) 
thrown [s\src\hotspot\share\classfile\systemDictionary.cpp, line 256]
Event: 7.959 Thread 0x000001e5c3b83130 Exception <a 'java/lang/IncompatibleClassChangeError'{0x00000000835b3cc0}: Found class java.lang.Object, but interface was expected> (0x00000000835b3cc0) 
thrown [s\src\hotspot\share\interpreter\linkResolver.cpp, line 838]
Event: 7.963 Thread 0x000001e5c3b83130 Exception <a 'java/lang/ClassNotFoundException'{0x00000000835d9858}: groovy/lang/MetaClassImplCustomizer> (0x00000000835d9858) 
thrown [s\src\hotspot\share\classfile\systemDictionary.cpp, line 256]
Event: 7.967 Thread 0x000001e5c3b83130 Exception <a 'java/lang/ClassNotFoundException'{0x0000000083410188}: groovy/lang/ExpandoMetaClassCustomizer> (0x0000000083410188) 
thrown [s\src\hotspot\share\classfile\systemDictionary.cpp, line 256]
Event: 8.355 Thread 0x000001e5c3b83130 Exception <a 'java/lang/ClassNotFoundException'{0x00000000899d33b0}: org/gradle/internal/extensibility/DefaultExtraPropertiesExtensionBeanInfo> (0x00000000899d33b0) 
thrown [s\src\hotspot\share\classfile\systemDictionary.cpp, line 256]
Event: 8.356 Thread 0x000001e5c3b83130 Exception <a 'java/lang/ClassNotFoundException'{0x00000000899ea298}: groovy/lang/GroovyObjectSupportBeanInfo> (0x00000000899ea298) 
thrown [s\src\hotspot\share\classfile\systemDictionary.cpp, line 256]
Event: 8.357 Thread 0x000001e5c3b83130 Exception <a 'java/lang/ClassNotFoundException'{0x00000000898016b0}: groovy/lang/GroovyObjectSupportCustomizer> (0x00000000898016b0) 
thrown [s\src\hotspot\share\classfile\systemDictionary.cpp, line 256]
Event: 8.360 Thread 0x000001e5c3b83130 Exception <a 'java/lang/ClassNotFoundException'{0x000000008981b270}: org/gradle/internal/extensibility/DefaultExtraPropertiesExtensionCustomizer> (0x000000008981b270) 
thrown [s\src\hotspot\share\classfile\systemDictionary.cpp, line 256]
Event: 8.395 Thread 0x000001e5c3b83130 Exception <a 'sun/nio/fs/WindowsException'{0x0000000089723e20}> (0x0000000089723e20) 
thrown [s\src\hotspot\share\prims\jni.cpp, line 531]
Event: 8.396 Thread 0x000001e5c3b83130 Exception <a 'sun/nio/fs/WindowsException'{0x00000000897253d0}> (0x00000000897253d0) 
thrown [s\src\hotspot\share\prims\jni.cpp, line 531]
Event: 8.396 Thread 0x000001e5c3b83130 Exception <a 'sun/nio/fs/WindowsException'{0x0000000089726938}> (0x0000000089726938) 
thrown [s\src\hotspot\share\prims\jni.cpp, line 531]
Event: 8.397 Thread 0x000001e5c3b83130 Exception <a 'sun/nio/fs/WindowsException'{0x0000000089727ea8}> (0x0000000089727ea8) 
thrown [s\src\hotspot\share\prims\jni.cpp, line 531]
Event: 8.418 Thread 0x000001e5c3b83130 Exception <a 'java/lang/NoSuchMethodError'{0x0000000089601620}: 'java.lang.Object java.lang.invoke.Invokers$Holder.invoker(java.lang.Object, java.lang.Object, java.lang.Object, java.lang.Object, java.lang.Object, java.lang.Object)'> (0x0000000089601620) 
thrown [s\src\hotspot\share\interpreter\linkResolver.cpp, line 771]
Event: 8.432 Thread 0x000001e5c3b83130 Exception <a 'java/lang/NoSuchMethodError'{0x00000000896860d0}: 'java.lang.Object java.lang.invoke.Invokers$Holder.invoker(java.lang.Object, java.lang.Object, java.lang.Object, java.lang.Object)'> (0x00000000896860d0) 
thrown [s\src\hotspot\share\interpreter\linkResolver.cpp, line 771]
Event: 8.449 Thread 0x000001e5c3b83130 Exception <a 'java/lang/NoSuchMethodError'{0x00000000896f9418}: 'java.lang.Object java.lang.invoke.Invokers$Holder.invoker(java.lang.Object, java.lang.Object, java.lang.Object, java.lang.Object, java.lang.Object)'> (0x00000000896f9418) 
thrown [s\src\hotspot\share\interpreter\linkResolver.cpp, line 771]
Event: 8.453 Thread 0x000001e5c3b83130 Exception <a 'java/lang/NoSuchMethodError'{0x0000000083f17148}: 'java.lang.Object java.lang.invoke.DirectMethodHandle$Holder.invokeSpecial(java.lang.Object, java.lang.Object, java.lang.Object, java.lang.Object, java.lang.Object, java.lang.Object, java.lang.Object, java.lang.Object, java.lang.Object, java.lang.Object, java.lang.Object, java.lang.Object, java.lang.Object, java.lang.Object, java.lang.Object, java.lang.Object, java.lang.Object, java.lang.Object, java.lang.Object, java.lang.Object, java.lang.Ob
Event: 8.453 Thread 0x000001e5c3b83130 Exception <a 'java/lang/NoSuchMethodError'{0x0000000083f1d108}: 'java.lang.Object java.lang.invoke.DelegatingMethodHandle$Holder.reinvoke_L(java.lang.Object, java.lang.Object, java.lang.Object, java.lang.Object, java.lang.Object, java.lang.Object, java.lang.Object, java.lang.Object, java.lang.Object, java.lang.Object, java.lang.Object, java.lang.Object, java.lang.Object, java.lang.Object, java.lang.Object, java.lang.Object, java.lang.Object, java.lang.Object, java.lang.Object, java.lang.Object, java.lang.O
Event: 8.454 Thread 0x000001e5c3b83130 Exception <a 'java/lang/NoSuchMethodError'{0x0000000083f288a8}: 'java.lang.Object java.lang.invoke.Invokers$Holder.invoker(java.lang.Object, java.lang.Object, java.lang.Object, java.lang.Object, java.lang.Object, java.lang.Object, java.lang.Object, java.lang.Object, java.lang.Object, java.lang.Object, java.lang.Object, java.lang.Object, java.lang.Object, java.lang.Object, java.lang.Object, java.lang.Object, java.lang.Object, java.lang.Object, java.lang.Object, java.lang.Object, java.lang.Object, java.lang.
Event: 8.455 Thread 0x000001e5c3b83130 Exception <a 'java/lang/NoSuchMethodError'{0x0000000083f2f180}: 'java.lang.Object java.lang.invoke.DelegatingMethodHandle$Holder.delegate(java.lang.Object, java.lang.Object, java.lang.Object, java.lang.Object, java.lang.Object, java.lang.Object, java.lang.Object, java.lang.Object, java.lang.Object, java.lang.Object, java.lang.Object, java.lang.Object, java.lang.Object, java.lang.Object, java.lang.Object, java.lang.Object, java.lang.Object, java.lang.Object, java.lang.Object, java.lang.Object, java.lang.Obj
Event: 8.467 Thread 0x000001e5c3b83130 Exception <a 'java/lang/NoSuchMethodError'{0x0000000083ffad28}: 'java.lang.Object java.lang.invoke.DirectMethodHandle$Holder.invokeStatic(java.lang.Object, java.lang.Object, java.lang.Object, java.lang.Object, java.lang.Object, java.lang.Object, java.lang.Object, java.lang.Object, java.lang.Object, java.lang.Object, java.lang.Object, java.lang.Object, java.lang.Object, java.lang.Object, java.lang.Object, java.lang.Object, java.lang.Object, java.lang.Object, java.lang.Object, java.lang.Object, java.lang.Obj

VM Operations (20 events):
Event: 7.885 Executing VM operation: HandshakeAllThreads done
Event: 8.032 Executing VM operation: HandshakeAllThreads
Event: 8.032 Executing VM operation: HandshakeAllThreads done
Event: 8.032 Executing VM operation: HandshakeAllThreads
Event: 8.032 Executing VM operation: HandshakeAllThreads done
Event: 8.039 Executing VM operation: HandshakeAllThreads
Event: 8.039 Executing VM operation: HandshakeAllThreads done
Event: 8.045 Executing VM operation: HandshakeAllThreads
Event: 8.045 Executing VM operation: HandshakeAllThreads done
Event: 8.055 Executing VM operation: HandshakeAllThreads
Event: 8.055 Executing VM operation: HandshakeAllThreads done
Event: 8.176 Executing VM operation: HandshakeAllThreads
Event: 8.176 Executing VM operation: HandshakeAllThreads done
Event: 8.226 Executing VM operation: ICBufferFull
Event: 8.226 Executing VM operation: ICBufferFull done
Event: 8.261 Executing VM operation: G1CollectForAllocation
Event: 8.272 Executing VM operation: G1CollectForAllocation done
Event: 8.289 Executing VM operation: G1CollectForAllocation
Event: 8.298 Executing VM operation: G1CollectForAllocation done
Event: 8.622 Executing VM operation: G1CollectForAllocation

Events (20 events):
Event: 8.179 loading class jdk/internal/jimage/ImageReader$Resource
Event: 8.179 loading class jdk/internal/jimage/ImageReader$Resource done
Event: 8.348 loading class java/util/WeakHashMap$KeyIterator
Event: 8.348 loading class java/util/WeakHashMap$HashIterator
Event: 8.349 loading class java/util/WeakHashMap$HashIterator done
Event: 8.349 loading class java/util/WeakHashMap$KeyIterator done
Event: 8.374 loading class java/lang/ThreadLocal$SuppliedThreadLocal
Event: 8.374 loading class java/lang/ThreadLocal$SuppliedThreadLocal done
Event: 8.394 loading class sun/nio/fs/WindowsPath$1
Event: 8.394 loading class sun/nio/fs/WindowsPath$1 done
Event: 8.395 loading class sun/nio/fs/WindowsException
Event: 8.395 loading class sun/nio/fs/WindowsException done
Event: 8.436 loading class java/util/Collections$SynchronizedRandomAccessList
Event: 8.436 loading class java/util/Collections$SynchronizedList
Event: 8.436 loading class java/util/Collections$SynchronizedList done
Event: 8.436 loading class java/util/Collections$SynchronizedRandomAccessList done
Event: 8.465 loading class java/lang/invoke/BoundMethodHandle$Species_LLLLLLLLLLLLLLLLLLLLLLLL
Event: 8.465 loading class java/lang/invoke/BoundMethodHandle$Species_LLLLLLLLLLLLLLLLLLLLLLLL done
Event: 8.487 loading class java/util/regex/Pattern$Pos
Event: 8.487 loading class java/util/regex/Pattern$Pos done


Dynamic libraries:
0x00007ff7ed310000 - 0x00007ff7ed31a000 	C:\Program Files\Android\Android Studio\jbr\bin\java.exe
0x00007ffe69f30000 - 0x00007ffe6a128000 	C:\WINDOWS\SYSTEM32\ntdll.dll
0x00007ffe69e20000 - 0x00007ffe69ee1000 	C:\WINDOWS\System32\KERNEL32.DLL
0x00007ffe67b00000 - 0x00007ffe67dfd000 	C:\WINDOWS\System32\KERNELBASE.dll
0x00007ffe67850000 - 0x00007ffe67950000 	C:\WINDOWS\System32\ucrtbase.dll
0x00007ffe604c0000 - 0x00007ffe604d7000 	C:\Program Files\Android\Android Studio\jbr\bin\jli.dll
0x00007ffe68d50000 - 0x00007ffe68eed000 	C:\WINDOWS\System32\USER32.dll
0x00007ffe67680000 - 0x00007ffe676a2000 	C:\WINDOWS\System32\win32u.dll
0x00007ffe618f0000 - 0x00007ffe6190b000 	C:\Program Files\Android\Android Studio\jbr\bin\VCRUNTIME140.dll
0x00007ffe69df0000 - 0x00007ffe69e1b000 	C:\WINDOWS\System32\GDI32.dll
0x00007ffe67730000 - 0x00007ffe67847000 	C:\WINDOWS\System32\gdi32full.dll
0x00007ffe4ef70000 - 0x00007ffe4f20a000 	C:\WINDOWS\WinSxS\amd64_microsoft.windows.common-controls_6595b64144ccf1df_6.0.19041.4355_none_60b8b9eb71f62e16\COMCTL32.dll
0x00007ffe675e0000 - 0x00007ffe6767d000 	C:\WINDOWS\System32\msvcp_win.dll
0x00007ffe68000000 - 0x00007ffe6809e000 	C:\WINDOWS\System32\msvcrt.dll
0x00007ffe68250000 - 0x00007ffe6827f000 	C:\WINDOWS\System32\IMM32.DLL
0x00007ffe61960000 - 0x00007ffe6196c000 	C:\Program Files\Android\Android Studio\jbr\bin\vcruntime140_1.dll
0x00007ffe1ece0000 - 0x00007ffe1ed6d000 	C:\Program Files\Android\Android Studio\jbr\bin\msvcp140.dll
0x00007ffe18330000 - 0x00007ffe18fb3000 	C:\Program Files\Android\Android Studio\jbr\bin\server\jvm.dll
0x00007ffe687e0000 - 0x00007ffe68890000 	C:\WINDOWS\System32\ADVAPI32.dll
0x00007ffe693c0000 - 0x00007ffe69460000 	C:\WINDOWS\System32\sechost.dll
0x00007ffe68ae0000 - 0x00007ffe68c03000 	C:\WINDOWS\System32\RPCRT4.dll
0x00007ffe67700000 - 0x00007ffe67727000 	C:\WINDOWS\System32\bcrypt.dll
0x00007ffe66db0000 - 0x00007ffe66dfb000 	C:\WINDOWS\SYSTEM32\POWRPROF.dll
0x00007ffe5fc20000 - 0x00007ffe5fc29000 	C:\WINDOWS\SYSTEM32\WSOCK32.dll
0x00007ffe68ff0000 - 0x00007ffe6905b000 	C:\WINDOWS\System32\WS2_32.dll
0x00007ffe53af0000 - 0x00007ffe53b17000 	C:\WINDOWS\SYSTEM32\WINMM.dll
0x00007ffe5c220000 - 0x00007ffe5c22a000 	C:\WINDOWS\SYSTEM32\VERSION.dll
0x00007ffe66d00000 - 0x00007ffe66d12000 	C:\WINDOWS\SYSTEM32\UMPDC.dll
0x00007ffe65640000 - 0x00007ffe65652000 	C:\WINDOWS\SYSTEM32\kernel.appcore.dll
0x00007ffe62a70000 - 0x00007ffe62a7a000 	C:\Program Files\Android\Android Studio\jbr\bin\jimage.dll
0x00007ffe58130000 - 0x00007ffe58314000 	C:\WINDOWS\SYSTEM32\DBGHELP.DLL
0x00007ffe580f0000 - 0x00007ffe58124000 	C:\WINDOWS\SYSTEM32\dbgcore.DLL
0x00007ffe67950000 - 0x00007ffe679d2000 	C:\WINDOWS\System32\bcryptPrimitives.dll
0x00007ffe61080000 - 0x00007ffe6108e000 	C:\Program Files\Android\Android Studio\jbr\bin\instrument.dll
0x00007ffe610e0000 - 0x00007ffe61105000 	C:\Program Files\Android\Android Studio\jbr\bin\java.dll
0x00007ffe62a50000 - 0x00007ffe62a68000 	C:\Program Files\Android\Android Studio\jbr\bin\zip.dll
0x00007ffe69570000 - 0x00007ffe69cdf000 	C:\WINDOWS\System32\SHELL32.dll
0x00007ffe65660000 - 0x00007ffe65e03000 	C:\WINDOWS\SYSTEM32\windows.storage.dll
0x00007ffe69060000 - 0x00007ffe693b3000 	C:\WINDOWS\System32\combase.dll
0x00007ffe67010000 - 0x00007ffe6703e000 	C:\WINDOWS\SYSTEM32\Wldp.dll
0x00007ffe682a0000 - 0x00007ffe6836d000 	C:\WINDOWS\System32\OLEAUT32.dll
0x00007ffe69d40000 - 0x00007ffe69ded000 	C:\WINDOWS\System32\SHCORE.dll
0x00007ffe68f80000 - 0x00007ffe68fd5000 	C:\WINDOWS\System32\shlwapi.dll
0x00007ffe67510000 - 0x00007ffe67534000 	C:\WINDOWS\SYSTEM32\profapi.dll
0x00007ffe616f0000 - 0x00007ffe61709000 	C:\Program Files\Android\Android Studio\jbr\bin\net.dll
0x00007ffe5e8e0000 - 0x00007ffe5e9ed000 	C:\WINDOWS\SYSTEM32\WINHTTP.dll
0x00007ffe66d20000 - 0x00007ffe66d8a000 	C:\WINDOWS\system32\mswsock.dll
0x00007ffe61140000 - 0x00007ffe61156000 	C:\Program Files\Android\Android Studio\jbr\bin\nio.dll
0x00007ffe610b0000 - 0x00007ffe610c0000 	C:\Program Files\Android\Android Studio\jbr\bin\verify.dll
0x00007ffe536d0000 - 0x00007ffe536f7000 	C:\Users\HP\.gradle\native\c067742578af261105cb4f569cf0c3c89f3d7b1fecec35dd04571415982c5e48\windows-amd64\native-platform.dll
0x00007ffe079a0000 - 0x00007ffe07ae4000 	C:\Users\HP\.gradle\native\100fb08df4bc3b14c8652ba06237920a3bd2aa13389f12d3474272988ae205f9\windows-amd64\native-platform-file-events.dll
0x00007ffe61560000 - 0x00007ffe61569000 	C:\Program Files\Android\Android Studio\jbr\bin\management.dll
0x00007ffe61090000 - 0x00007ffe6109b000 	C:\Program Files\Android\Android Studio\jbr\bin\management_ext.dll
0x00007ffe67fe0000 - 0x00007ffe67fe8000 	C:\WINDOWS\System32\PSAPI.DLL
0x00007ffe66f60000 - 0x00007ffe66f78000 	C:\WINDOWS\SYSTEM32\CRYPTSP.dll
0x00007ffe665c0000 - 0x00007ffe665f4000 	C:\WINDOWS\system32\rsaenh.dll
0x00007ffe674d0000 - 0x00007ffe674fe000 	C:\WINDOWS\SYSTEM32\USERENV.dll
0x00007ffe66f80000 - 0x00007ffe66f8c000 	C:\WINDOWS\SYSTEM32\CRYPTBASE.dll
0x00007ffe669e0000 - 0x00007ffe66a1b000 	C:\WINDOWS\SYSTEM32\IPHLPAPI.DLL
0x00007ffe67ff0000 - 0x00007ffe67ff8000 	C:\WINDOWS\System32\NSI.dll
0x00007ffe602c0000 - 0x00007ffe602d7000 	C:\WINDOWS\SYSTEM32\dhcpcsvc6.DLL
0x00007ffe60260000 - 0x00007ffe6027d000 	C:\WINDOWS\SYSTEM32\dhcpcsvc.DLL
0x00007ffe66a20000 - 0x00007ffe66aea000 	C:\WINDOWS\SYSTEM32\DNSAPI.dll
0x00007ffe61880000 - 0x00007ffe61889000 	C:\Program Files\Android\Android Studio\jbr\bin\extnet.dll
0x00007ffe62a10000 - 0x00007ffe62a17000 	C:\WINDOWS\system32\wshunix.dll

dbghelp: loaded successfully - version: 4.0.5 - missing functions: none
symbol engine: initialized successfully - sym options: 0x614 - pdb path: .;C:\Program Files\Android\Android Studio\jbr\bin;C:\WINDOWS\SYSTEM32;C:\WINDOWS\WinSxS\amd64_microsoft.windows.common-controls_6595b64144ccf1df_6.0.19041.4355_none_60b8b9eb71f62e16;C:\Program Files\Android\Android Studio\jbr\bin\server;C:\Users\HP\.gradle\native\c067742578af261105cb4f569cf0c3c89f3d7b1fecec35dd04571415982c5e48\windows-amd64;C:\Users\HP\.gradle\native\100fb08df4bc3b14c8652ba06237920a3bd2aa13389f12d3474272988ae205f9\windows-amd64

VM Arguments:
jvm_args: --add-opens=java.base/java.util=ALL-UNNAMED --add-opens=java.base/java.lang=ALL-UNNAMED --add-opens=java.base/java.lang.invoke=ALL-UNNAMED --add-opens=java.prefs/java.util.prefs=ALL-UNNAMED --add-exports=jdk.compiler/com.sun.tools.javac.api=ALL-UNNAMED --add-exports=jdk.compiler/com.sun.tools.javac.util=ALL-UNNAMED --add-opens=java.base/java.nio.charset=ALL-UNNAMED --add-opens=java.base/java.net=ALL-UNNAMED --add-opens=java.base/java.util.concurrent.atomic=ALL-UNNAMED -Xmx2048m -Dfile.encoding=UTF-8 -Duser.country=MX -Duser.language=es -Duser.variant -javaagent:C:\Users\HP\.gradle\wrapper\dists\gradle-8.9-bin\90cnw93cvbtalezasaz0blq0a\gradle-8.9\lib\agents\gradle-instrumentation-agent-8.9.jar 
java_command: org.gradle.launcher.daemon.bootstrap.GradleDaemon 8.9
java_class_path (initial): C:\Users\HP\.gradle\wrapper\dists\gradle-8.9-bin\90cnw93cvbtalezasaz0blq0a\gradle-8.9\lib\gradle-daemon-main-8.9.jar
Launcher Type: SUN_STANDARD

[Global flags]
     intx CICompilerCount                          = 3                                         {product} {ergonomic}
     uint ConcGCThreads                            = 1                                         {product} {ergonomic}
     uint G1ConcRefinementThreads                  = 4                                         {product} {ergonomic}
   size_t G1HeapRegionSize                         = 1048576                                   {product} {ergonomic}
    uintx GCDrainStackTargetSize                   = 64                                        {product} {ergonomic}
   size_t InitialHeapSize                          = 201326592                                 {product} {ergonomic}
   size_t MarkStackSize                            = 4194304                                   {product} {ergonomic}
   size_t MaxHeapSize                              = 2147483648                                {product} {command line}
   size_t MaxNewSize                               = 1287651328                                {product} {ergonomic}
   size_t MinHeapDeltaBytes                        = 1048576                                   {product} {ergonomic}
   size_t MinHeapSize                              = 8388608                                   {product} {ergonomic}
    uintx NonNMethodCodeHeapSize                   = 5832780                                {pd product} {ergonomic}
    uintx NonProfiledCodeHeapSize                  = 122912730                              {pd product} {ergonomic}
    uintx ProfiledCodeHeapSize                     = 122912730                              {pd product} {ergonomic}
    uintx ReservedCodeCacheSize                    = 251658240                              {pd product} {ergonomic}
     bool SegmentedCodeCache                       = true                                      {product} {ergonomic}
   size_t SoftMaxHeapSize                          = 2147483648                             {manageable} {ergonomic}
     bool UseCompressedClassPointers               = true                           {product lp64_product} {ergonomic}
     bool UseCompressedOops                        = true                           {product lp64_product} {ergonomic}
     bool UseG1GC                                  = true                                      {product} {ergonomic}
     bool UseLargePagesIndividualAllocation        = false                                  {pd product} {ergonomic}

Logging:
Log output configuration:
 #0: stdout all=warning uptime,level,tags
 #1: stderr all=off uptime,level,tags

Environment Variables:
PATH=C:\Program Files\Microsoft\jdk-11.0.12.7-hotspot\bin;C:\Program Files\Common Files\Oracle\Java\javapath;C:\Program Files (x86)\Common Files\Oracle\Java\javapath;C:\WINDOWS\system32;C:\WINDOWS;C:\WINDOWS\System32\Wbem;C:\WINDOWS\System32\WindowsPowerShell\v1.0\;C:\WINDOWS\System32\OpenSSH\;C:\Program Files\Java\jdk-16\bin;C:\Program Files\dotnet\;C:\Program Files\Microsoft SQL Server\Client SDK\ODBC\170\Tools\Binn\;C:\Program Files\Microsoft SQL Server\150\Tools\Binn\;C:\Program Files (x86)\Microsoft SQL Server\160\Tools\Binn\;C:\Program Files\Microsoft SQL Server\160\Tools\Binn\;C:\Program Files\Microsoft SQL Server\160\DTS\Binn\;C:\Program Files (x86)\Microsoft SQL Server\160\DTS\Binn\;C:\Program Files\Azure Data Studio\bin;C:\Program Files\Git\cmd;C:\Program Files\nodejs\;C:\Users\HP\AppData\Local\Microsoft\WindowsApps;C:\Users\HP\.dotnet\tools;C:\Program Files\MySQL\MySQL Server 8.0\bin;C:\Program Files\Azure Data Studio\bin;C:\Users\HP\AppData\Local\Programs\Microsoft VS Code\bin;C:\Users\HP\AppData\Local\GitHubDesktop\bin;C:\Users\HP\AppData\Roaming\npm
USERNAME=HP
OS=Windows_NT
PROCESSOR_IDENTIFIER=Intel64 Family 6 Model 60 Stepping 3, GenuineIntel
TMP=C:\Users\HP\AppData\Local\Temp
TEMP=C:\Users\HP\AppData\Local\Temp



Periodic native trim disabled

JNI global refs:
JNI global refs: 23, weak refs: 0

JNI global refs memory usage: 843, weak refs: 841

Process memory usage:
Resident Set Size: 236868K (1% of 12461164K total physical memory with 1038600K free physical memory)

OOME stack traces (most recent first):
Classloader memory used:
Loader org.gradle.internal.classloader.VisitableURLClassLoader                         : 2483K
Loader bootstrap                                                                       : 2316K
Loader org.gradle.initialization.MixInLegacyTypesClassLoader                           : 513K
Loader jdk.internal.loader.ClassLoaders$PlatformClassLoader                            : 68984B
Loader jdk.internal.loader.ClassLoaders$AppClassLoader                                 : 28701B
Loader jdk.internal.reflect.DelegatingClassLoader                                      : 5038B

Classes loaded by more than one classloader:
Class org.gradle.internal.installation.GradleInstallation                             : loaded 2 times (x 73B)
Class org.gradle.internal.classpath.ClassPath                                         : loaded 2 times (x 68B)
Class org.gradle.api.internal.classpath.DefaultModuleRegistry                         : loaded 2 times (x 81B)
Class org.gradle.api.Action                                                           : loaded 2 times (x 68B)
Class org.gradle.api.internal.DefaultClassPathProvider                                : loaded 2 times (x 74B)
Class org.gradle.internal.installation.GradleInstallation$1                           : loaded 2 times (x 73B)
Class org.gradle.internal.classloader.FilteringClassLoader                            : loaded 2 times (x 103B)
Class org.gradle.internal.classpath.DefaultClassPath$ImmutableUniqueList$Builder      : loaded 2 times (x 73B)
Class org.gradle.internal.classloader.ClassLoaderVisitor                              : loaded 2 times (x 74B)
Class org.gradle.internal.service.DefaultServiceLocator                               : loaded 2 times (x 81B)
Class org.gradle.internal.service.UnknownServiceException                             : loaded 2 times (x 81B)
Class org.gradle.internal.classloader.DefaultClassLoaderFactory                       : loaded 2 times (x 80B)
Class org.gradle.internal.classloader.VisitableURLClassLoader$Spec                    : loaded 2 times (x 72B)
Class org.gradle.api.GradleException                                                  : loaded 2 times (x 80B)
Class org.gradle.api.internal.classpath.ModuleRegistry                                : loaded 2 times (x 68B)
Class org.gradle.api.internal.ClassPathProvider                                       : loaded 2 times (x 68B)
Class org.gradle.internal.classloader.ClasspathUtil$1                                 : loaded 2 times (x 74B)
Class org.gradle.internal.classloader.ClassLoaderFactory                              : loaded 2 times (x 68B)
Class org.gradle.api.internal.classpath.ManifestUtil                                  : loaded 2 times (x 69B)
Class org.gradle.api.specs.Spec                                                       : loaded 2 times (x 68B)
Class org.gradle.internal.IoActions                                                   : loaded 2 times (x 69B)
Class org.gradle.api.internal.classpath.EffectiveClassPath                            : loaded 2 times (x 88B)
Class org.gradle.internal.installation.CurrentGradleInstallation                      : loaded 2 times (x 71B)
Class org.gradle.internal.agents.InstrumentingClassLoader                             : loaded 2 times (x 68B)
Class org.gradle.internal.installation.CurrentGradleInstallationLocator               : loaded 2 times (x 69B)
Class org.gradle.api.internal.classpath.Module                                        : loaded 2 times (x 68B)
Class org.gradle.internal.service.CachingServiceLocator                               : loaded 2 times (x 80B)
Class org.gradle.internal.classpath.DefaultClassPath                                  : loaded 2 times (x 88B)
Class org.gradle.internal.classloader.SystemClassLoaderSpec                           : loaded 2 times (x 69B)
Class org.gradle.api.UncheckedIOException                                             : loaded 2 times (x 80B)
Class org.gradle.internal.classloader.ClasspathUtil                                   : loaded 2 times (x 69B)
Class org.gradle.api.internal.DefaultClassPathRegistry                                : loaded 2 times (x 74B)
Class org.gradle.api.internal.classpath.DefaultModuleRegistry$DefaultModule           : loaded 2 times (x 84B)
Class org.gradle.api.internal.classpath.UnknownModuleException                        : loaded 2 times (x 80B)
Class org.gradle.internal.service.ServiceLookupException                              : loaded 2 times (x 80B)
Class [Lorg.gradle.api.internal.ClassPathProvider;                                    : loaded 2 times (x 67B)
Class org.gradle.util.internal.GUtil                                                  : loaded 2 times (x 69B)
Class org.gradle.internal.classloader.ClassLoaderSpec                                 : loaded 2 times (x 69B)
Class org.gradle.internal.classloader.VisitableURLClassLoader                         : loaded 2 times (x 115B)
Class org.gradle.internal.Cast                                                        : loaded 2 times (x 69B)
Class org.gradle.api.internal.ClassPathRegistry                                       : loaded 2 times (x 68B)
Class org.gradle.internal.classloader.VisitableURLClassLoader$InstrumentingVisitableURLClassLoader: loaded 2 times (x 121B)
Class org.gradle.internal.classloader.ClassLoaderHierarchy                            : loaded 2 times (x 68B)
Class org.gradle.internal.InternalTransformer                                         : loaded 2 times (x 68B)
Class org.gradle.internal.service.ServiceLocator                                      : loaded 2 times (x 68B)
Class org.gradle.internal.classpath.DefaultClassPath$ImmutableUniqueList              : loaded 2 times (x 159B)
Class org.gradle.internal.classpath.TransformedClassPath                              : loaded 2 times (x 94B)


---------------  S Y S T E M  ---------------

OS:
 Windows 10 , 64 bit Build 19041 (10.0.19041.4842)
OS uptime: 0 days 5:02 hours

CPU: total 4 (initial active 4) (2 cores per cpu, 2 threads per core) family 6 model 60 stepping 3 microcode 0x28, cx8, cmov, fxsr, ht, mmx, sse, sse2, sse3, ssse3, sse4.1, sse4.2, popcnt, lzcnt, tsc, tscinvbit, avx, avx2, aes, erms, clmul, bmi1, bmi2, fma, vzeroupper, clflush
Processor Information for all 4 processors :
  Max Mhz: 2501, Current Mhz: 2500, Mhz Limit: 2475

Memory: 4k page, system-wide physical 12169M (1014M free)
TotalPageFile size 17985M (AvailPageFile size 11M)
current process WorkingSet (physical memory assigned to process): 231M, peak: 231M
current process commit charge ("private bytes"): 346M, peak: 349M

vm_info: OpenJDK 64-Bit Server VM (17.0.11+0--11852314) for windows-amd64 JRE (17.0.11+0--11852314), built on May 16 2024 21:29:20 by "androidbuild" with MS VC++ 16.10 / 16.11 (VS2019)

END.
