#
# There is insufficient memory for the Java Runtime Environment to continue.
# Native memory allocation (mmap) failed to map 63963136 bytes. Error detail: G1 virtual space
# Possible reasons:
#   The system is out of physical RAM or swap space
#   This process is running with CompressedOops enabled, and the Java Heap may be blocking the growth of the native heap
# Possible solutions:
#   Reduce memory load on the system
#   Increase physical memory or swap space
#   Check if swap backing store is full
#   Decrease Java heap size (-Xmx/-Xms)
#   Decrease number of Java threads
#   Decrease Java thread stack sizes (-Xss)
#   Set larger code cache with -XX:ReservedCodeCacheSize=
#   JVM is running with Unscaled Compressed Oops mode in which the Java heap is
#     placed in the first 4GB address space. The Java Heap base address is the
#     maximum limit for the native heap growth. Please use -XX:HeapBaseMinAddress
#     to set the Java Heap base and to place the Java Heap above 4GB virtual address.
# This output file may be truncated or incomplete.
#
#  Out of Memory Error (os_windows.cpp:3825), pid=8836, tid=5884
#
# JRE version: OpenJDK Runtime Environment (17.0.11) (build 17.0.11+0--11852314)
# Java VM: OpenJDK 64-Bit Server VM (17.0.11+0--11852314, mixed mode, tiered, compressed oops, compressed class ptrs, g1 gc, windows-amd64)
# No core dump will be written. Minidumps are not enabled by default on client versions of Windows
#

---------------  S U M M A R Y ------------

Command Line: --add-opens=java.base/java.util=ALL-UNNAMED --add-opens=java.base/java.lang=ALL-UNNAMED --add-opens=java.base/java.lang.invoke=ALL-UNNAMED --add-opens=java.prefs/java.util.prefs=ALL-UNNAMED --add-exports=jdk.compiler/com.sun.tools.javac.api=ALL-UNNAMED --add-exports=jdk.compiler/com.sun.tools.javac.util=ALL-UNNAMED --add-opens=java.base/java.nio.charset=ALL-UNNAMED --add-opens=java.base/java.net=ALL-UNNAMED --add-opens=java.base/java.util.concurrent.atomic=ALL-UNNAMED -Xmx2048m -Dfile.encoding=UTF-8 -Duser.country=MX -Duser.language=es -Duser.variant -javaagent:C:\Users\HP\.gradle\wrapper\dists\gradle-8.9-bin\90cnw93cvbtalezasaz0blq0a\gradle-8.9\lib\agents\gradle-instrumentation-agent-8.9.jar org.gradle.launcher.daemon.bootstrap.GradleDaemon 8.9

Host: Intel(R) Core(TM) i5-4200M CPU @ 2.50GHz, 4 cores, 11G,  Windows 10 , 64 bit Build 19041 (10.0.19041.4842)
Time: Sat Oct 12 18:50:12 2024 Hora estándar central (México) elapsed time: 18.969855 seconds (0d 0h 0m 18s)

---------------  T H R E A D  ---------------

Current thread (0x000001ef22c0f7c0):  VMThread "VM Thread" [stack: 0x000000e881300000,0x000000e881400000] [id=5884]

Stack: [0x000000e881300000,0x000000e881400000]
Native frames: (J=compiled Java code, j=interpreted, Vv=VM code, C=native code)
V  [jvm.dll+0x687bb9]
V  [jvm.dll+0x84142a]
V  [jvm.dll+0x8430ae]
V  [jvm.dll+0x843713]
V  [jvm.dll+0x24a35f]
V  [jvm.dll+0x684989]
V  [jvm.dll+0x67923a]
V  [jvm.dll+0x30af0b]
V  [jvm.dll+0x3123b6]
V  [jvm.dll+0x361dfe]
V  [jvm.dll+0x36202f]
V  [jvm.dll+0x2e0d38]
V  [jvm.dll+0x2df144]
V  [jvm.dll+0x2de74c]
V  [jvm.dll+0x32305b]
V  [jvm.dll+0x847e0b]
V  [jvm.dll+0x848b42]
V  [jvm.dll+0x84905d]
V  [jvm.dll+0x849434]
V  [jvm.dll+0x849500]
V  [jvm.dll+0x7efa4a]
V  [jvm.dll+0x686a35]
C  [ucrtbase.dll+0x21bb2]
C  [KERNEL32.DLL+0x17374]
C  [ntdll.dll+0x4cc91]

VM_Operation (0x000000e8842fd520): G1CollectForAllocation, mode: safepoint, requested by thread 0x000001ef2bc43720


---------------  P R O C E S S  ---------------

Threads class SMR info:
_java_thread_list=0x000001ef296c3e70, length=43, elements={
0x000001ef094afa20, 0x000001ef22abfc90, 0x000001ef22ac0ca0, 0x000001ef22ac5090,
0x000001ef22c40790, 0x000001ef22c41060, 0x000001ef22c41930, 0x000001ef22c4ea60,
0x000001ef22c4f370, 0x000001ef22c62450, 0x000001ef22a57570, 0x000001ef22f59da0,
0x000001ef283aa0a0, 0x000001ef27a7dea0, 0x000001ef28425100, 0x000001ef289119e0,
0x000001ef282ffa30, 0x000001ef28977940, 0x000001ef28978d80, 0x000001ef28978870,
0x000001ef28977e50, 0x000001ef28978360, 0x000001ef289f4300, 0x000001ef289f5740,
0x000001ef289f1570, 0x000001ef29461a90, 0x000001ef289f75a0, 0x000001ef289f7ab0,
0x000001ef289f29b0, 0x000001ef289f7fc0, 0x000001ef289f2ec0, 0x000001ef289f7090,
0x000001ef289f84d0, 0x000001ef289f1a80, 0x000001ef289f6670, 0x000001ef289f89e0,
0x000001ef289f33d0, 0x000001ef289f6160, 0x000001ef289f3df0, 0x000001ef289f6b80,
0x000001ef2bc43210, 0x000001ef2bc43720, 0x000001ef2bc3eb30
}

Java Threads: ( => current thread )
  0x000001ef094afa20 JavaThread "main" [_thread_blocked, id=6096, stack(0x000000e880d00000,0x000000e880e00000)]
  0x000001ef22abfc90 JavaThread "Reference Handler" daemon [_thread_blocked, id=17124, stack(0x000000e881400000,0x000000e881500000)]
  0x000001ef22ac0ca0 JavaThread "Finalizer" daemon [_thread_blocked, id=15472, stack(0x000000e881500000,0x000000e881600000)]
  0x000001ef22ac5090 JavaThread "Signal Dispatcher" daemon [_thread_blocked, id=2872, stack(0x000000e881600000,0x000000e881700000)]
  0x000001ef22c40790 JavaThread "Attach Listener" daemon [_thread_blocked, id=16852, stack(0x000000e881700000,0x000000e881800000)]
  0x000001ef22c41060 JavaThread "Service Thread" daemon [_thread_blocked, id=14188, stack(0x000000e881800000,0x000000e881900000)]
  0x000001ef22c41930 JavaThread "Monitor Deflation Thread" daemon [_thread_blocked, id=17324, stack(0x000000e881900000,0x000000e881a00000)]
  0x000001ef22c4ea60 JavaThread "C2 CompilerThread0" daemon [_thread_blocked, id=17376, stack(0x000000e881a00000,0x000000e881b00000)]
  0x000001ef22c4f370 JavaThread "C1 CompilerThread0" daemon [_thread_blocked, id=13180, stack(0x000000e881b00000,0x000000e881c00000)]
  0x000001ef22c62450 JavaThread "Sweeper thread" daemon [_thread_blocked, id=10716, stack(0x000000e881c00000,0x000000e881d00000)]
  0x000001ef22a57570 JavaThread "Common-Cleaner" daemon [_thread_blocked, id=10228, stack(0x000000e881d00000,0x000000e881e00000)]
  0x000001ef22f59da0 JavaThread "Notification Thread" daemon [_thread_blocked, id=1556, stack(0x000000e881e00000,0x000000e881f00000)]
  0x000001ef283aa0a0 JavaThread "Daemon health stats" [_thread_blocked, id=11392, stack(0x000000e882600000,0x000000e882700000)]
  0x000001ef27a7dea0 JavaThread "Incoming local TCP Connector on port 55349" [_thread_in_native, id=16616, stack(0x000000e882000000,0x000000e882100000)]
  0x000001ef28425100 JavaThread "Daemon periodic checks" [_thread_blocked, id=1404, stack(0x000000e882700000,0x000000e882800000)]
  0x000001ef289119e0 JavaThread "Daemon" [_thread_blocked, id=12360, stack(0x000000e882900000,0x000000e882a00000)]
  0x000001ef282ffa30 JavaThread "Handler for socket connection from /127.0.0.1:55349 to /127.0.0.1:55350" [_thread_in_native, id=5696, stack(0x000000e882a00000,0x000000e882b00000)]
  0x000001ef28977940 JavaThread "Cancel handler" [_thread_blocked, id=17380, stack(0x000000e882b00000,0x000000e882c00000)]
  0x000001ef28978d80 JavaThread "Daemon worker" [_thread_blocked, id=11284, stack(0x000000e882800000,0x000000e882900000)]
  0x000001ef28978870 JavaThread "Asynchronous log dispatcher for DefaultDaemonConnection: socket connection from /127.0.0.1:55349 to /127.0.0.1:55350" [_thread_blocked, id=15204, stack(0x000000e882c00000,0x000000e882d00000)]
  0x000001ef28977e50 JavaThread "Stdin handler" [_thread_blocked, id=7952, stack(0x000000e882d00000,0x000000e882e00000)]
  0x000001ef28978360 JavaThread "Daemon client event forwarder" [_thread_blocked, id=7260, stack(0x000000e882e00000,0x000000e882f00000)]
  0x000001ef289f4300 JavaThread "Cache worker for journal cache (C:\Users\HP\.gradle\caches\journal-1)" [_thread_blocked, id=15340, stack(0x000000e882f00000,0x000000e883000000)]
  0x000001ef289f5740 JavaThread "File lock request listener" [_thread_in_native, id=1720, stack(0x000000e883000000,0x000000e883100000)]
  0x000001ef289f1570 JavaThread "Cache worker for file hash cache (C:\Users\HP\.gradle\caches\8.9\fileHashes)" [_thread_blocked, id=13916, stack(0x000000e883100000,0x000000e883200000)]
  0x000001ef29461a90 JavaThread "C2 CompilerThread1" daemon [_thread_blocked, id=16808, stack(0x000000e883200000,0x000000e883300000)]
  0x000001ef289f75a0 JavaThread "Cache worker for file hash cache (C:\Users\HP\AndroidStudioProjects\Proyecto-aplicaci-n\.gradle\8.9\fileHashes)" [_thread_blocked, id=2432, stack(0x000000e883300000,0x000000e883400000)]
  0x000001ef289f7ab0 JavaThread "Cache worker for Build Output Cleanup Cache (C:\Users\HP\AndroidStudioProjects\Proyecto-aplicaci-n\.gradle\buildOutputCleanup)" [_thread_blocked, id=13348, stack(0x000000e883400000,0x000000e883500000)]
  0x000001ef289f29b0 JavaThread "File watcher server" daemon [_thread_blocked, id=16340, stack(0x000000e883500000,0x000000e883600000)]
  0x000001ef289f7fc0 JavaThread "File watcher consumer" daemon [_thread_blocked, id=8072, stack(0x000000e883600000,0x000000e883700000)]
  0x000001ef289f2ec0 JavaThread "Cache worker for checksums cache (C:\Users\HP\AndroidStudioProjects\Proyecto-aplicaci-n\.gradle\8.9\checksums)" [_thread_blocked, id=15364, stack(0x000000e883700000,0x000000e883800000)]
  0x000001ef289f7090 JavaThread "Cache worker for file content cache (C:\Users\HP\.gradle\caches\8.9\fileContent)" [_thread_blocked, id=13304, stack(0x000000e883800000,0x000000e883900000)]
  0x000001ef289f84d0 JavaThread "Cache worker for cache directory md-rule (C:\Users\HP\.gradle\caches\8.9\md-rule)" [_thread_blocked, id=15272, stack(0x000000e883900000,0x000000e883a00000)]
  0x000001ef289f1a80 JavaThread "Cache worker for cache directory md-supplier (C:\Users\HP\.gradle\caches\8.9\md-supplier)" [_thread_blocked, id=11840, stack(0x000000e883a00000,0x000000e883b00000)]
  0x000001ef289f6670 JavaThread "Unconstrained build operations" [_thread_blocked, id=12076, stack(0x000000e883b00000,0x000000e883c00000)]
  0x000001ef289f89e0 JavaThread "Unconstrained build operations Thread 2" [_thread_blocked, id=13596, stack(0x000000e883c00000,0x000000e883d00000)]
  0x000001ef289f33d0 JavaThread "Unconstrained build operations Thread 3" [_thread_blocked, id=17312, stack(0x000000e883d00000,0x000000e883e00000)]
  0x000001ef289f6160 JavaThread "Unconstrained build operations Thread 4" [_thread_blocked, id=12872, stack(0x000000e883e00000,0x000000e883f00000)]
  0x000001ef289f3df0 JavaThread "Unconstrained build operations Thread 5" [_thread_blocked, id=10260, stack(0x000000e883f00000,0x000000e884000000)]
  0x000001ef289f6b80 JavaThread "Unconstrained build operations Thread 6" [_thread_blocked, id=10056, stack(0x000000e884000000,0x000000e884100000)]
  0x000001ef2bc43210 JavaThread "Unconstrained build operations Thread 7" [_thread_blocked, id=13552, stack(0x000000e884100000,0x000000e884200000)]
  0x000001ef2bc43720 JavaThread "Unconstrained build operations Thread 8" [_thread_blocked, id=12916, stack(0x000000e884200000,0x000000e884300000)]
  0x000001ef2bc3eb30 JavaThread "Unconstrained build operations Thread 9" [_thread_blocked, id=6448, stack(0x000000e884300000,0x000000e884400000)]

Other Threads:
=>0x000001ef22c0f7c0 VMThread "VM Thread" [stack: 0x000000e881300000,0x000000e881400000] [id=5884]
  0x000001ef094b08f0 WatcherThread [stack: 0x000000e881f00000,0x000000e882000000] [id=908]
  0x000001ef0950e020 GCTaskThread "GC Thread#0" [stack: 0x000000e880e00000,0x000000e880f00000] [id=9356]
  0x000001ef27221400 GCTaskThread "GC Thread#1" [stack: 0x000000e882100000,0x000000e882200000] [id=17056]
  0x000001ef272216c0 GCTaskThread "GC Thread#2" [stack: 0x000000e882200000,0x000000e882300000] [id=6324]
  0x000001ef271dd090 GCTaskThread "GC Thread#3" [stack: 0x000000e882300000,0x000000e882400000] [id=3468]
  0x000001ef0951ee80 ConcurrentGCThread "G1 Main Marker" [stack: 0x000000e880f00000,0x000000e881000000] [id=15424]
  0x000001ef0951ff50 ConcurrentGCThread "G1 Conc#0" [stack: 0x000000e881000000,0x000000e881100000] [id=3572]
  0x000001ef229240f0 ConcurrentGCThread "G1 Refine#0" [stack: 0x000000e881100000,0x000000e881200000] [id=11080]
  0x000001ef272708a0 ConcurrentGCThread "G1 Refine#1" [stack: 0x000000e882400000,0x000000e882500000] [id=16420]
  0x000001ef2726ffd0 ConcurrentGCThread "G1 Refine#2" [stack: 0x000000e882500000,0x000000e882600000] [id=13196]
  0x000001ef22925a40 ConcurrentGCThread "G1 Service" [stack: 0x000000e881200000,0x000000e881300000] [id=5172]

Threads with active compile tasks:

VM state: at safepoint (normal execution)

VM Mutex/Monitor currently owned by a thread:  ([mutex/lock_event])
[0x000001ef094ad010] Threads_lock - owner thread: 0x000001ef22c0f7c0
[0x000001ef094ad130] Heap_lock - owner thread: 0x000001ef2bc43720

Heap address: 0x0000000080000000, size: 2048 MB, Compressed Oops mode: 32-bit

CDS archive(s) not mapped
Compressed class space mapped at: 0x0000000100000000-0x0000000140000000, reserved size: 1073741824
Narrow klass base: 0x0000000000000000, Narrow klass shift: 3, Narrow klass range: 0x140000000

GC Precious Log:
 CPUs: 4 total, 4 available
 Memory: 12169M
 Large Page Support: Disabled
 NUMA Support: Disabled
 Compressed Oops: Enabled (32-bit)
 Heap Region Size: 1M
 Heap Min Capacity: 8M
 Heap Initial Capacity: 192M
 Heap Max Capacity: 2G
 Pre-touch: Disabled
 Parallel Workers: 4
 Concurrent Workers: 1
 Concurrent Refinement Workers: 4
 Periodic GC: Disabled

Heap:
 garbage-first heap   total 95232K, used 49365K [0x0000000080000000, 0x0000000100000000)
  region size 1024K, 3 young (3072K), 3 survivors (3072K)
 Metaspace       used 62073K, committed 62656K, reserved 1114112K
  class space    used 8464K, committed 8768K, reserved 1048576K

Heap Regions: E=young(eden), S=young(survivor), O=old, HS=humongous(starts), HC=humongous(continues), CS=collection set, F=free, OA=open archive, CA=closed archive, TAMS=top-at-mark-start (previous, next)
|   0|0x0000000080000000, 0x0000000080100000, 0x0000000080100000|100%|HS|  |TAMS 0x0000000080100000, 0x0000000080100000| Complete 
|   1|0x0000000080100000, 0x0000000080200000, 0x0000000080200000|100%|HC|  |TAMS 0x0000000080200000, 0x0000000080200000| Complete 
|   2|0x0000000080200000, 0x0000000080300000, 0x0000000080300000|100%|HC|  |TAMS 0x0000000080300000, 0x0000000080300000| Complete 
|   3|0x0000000080300000, 0x0000000080400000, 0x0000000080400000|100%|HC|  |TAMS 0x0000000080400000, 0x0000000080400000| Complete 
|   4|0x0000000080400000, 0x0000000080500000, 0x0000000080500000|100%| O|  |TAMS 0x0000000080500000, 0x0000000080500000| Untracked 
|   5|0x0000000080500000, 0x0000000080600000, 0x0000000080600000|100%| O|  |TAMS 0x0000000080600000, 0x0000000080600000| Untracked 
|   6|0x0000000080600000, 0x0000000080700000, 0x0000000080700000|100%| O|  |TAMS 0x0000000080700000, 0x0000000080700000| Untracked 
|   7|0x0000000080700000, 0x0000000080800000, 0x0000000080800000|100%| O|  |TAMS 0x0000000080800000, 0x0000000080800000| Untracked 
|   8|0x0000000080800000, 0x00000000808dde00, 0x0000000080900000| 86%| O|  |TAMS 0x00000000808dde00, 0x00000000808dde00| Untracked 
|   9|0x0000000080900000, 0x0000000080a00000, 0x0000000080a00000|100%|HS|  |TAMS 0x0000000080a00000, 0x0000000080a00000| Complete 
|  10|0x0000000080a00000, 0x0000000080b00000, 0x0000000080b00000|100%| O|  |TAMS 0x0000000080b00000, 0x0000000080b00000| Untracked 
|  11|0x0000000080b00000, 0x0000000080c00000, 0x0000000080c00000|100%| O|  |TAMS 0x0000000080c00000, 0x0000000080c00000| Untracked 
|  12|0x0000000080c00000, 0x0000000080d00000, 0x0000000080d00000|100%| O|  |TAMS 0x0000000080d00000, 0x0000000080d00000| Untracked 
|  13|0x0000000080d00000, 0x0000000080e00000, 0x0000000080e00000|100%| O|  |TAMS 0x0000000080e00000, 0x0000000080e00000| Untracked 
|  14|0x0000000080e00000, 0x0000000080f00000, 0x0000000080f00000|100%| O|  |TAMS 0x0000000080f00000, 0x0000000080f00000| Untracked 
|  15|0x0000000080f00000, 0x0000000081000000, 0x0000000081000000|100%| O|  |TAMS 0x0000000081000000, 0x0000000081000000| Untracked 
|  16|0x0000000081000000, 0x0000000081100000, 0x0000000081100000|100%| O|  |TAMS 0x0000000081100000, 0x0000000081100000| Untracked 
|  17|0x0000000081100000, 0x0000000081200000, 0x0000000081200000|100%| O|  |TAMS 0x0000000081200000, 0x0000000081200000| Untracked 
|  18|0x0000000081200000, 0x0000000081300000, 0x0000000081300000|100%| O|  |TAMS 0x0000000081300000, 0x0000000081300000| Untracked 
|  19|0x0000000081300000, 0x0000000081400000, 0x0000000081400000|100%| O|  |TAMS 0x0000000081400000, 0x0000000081400000| Untracked 
|  20|0x0000000081400000, 0x0000000081500000, 0x0000000081500000|100%| O|  |TAMS 0x0000000081500000, 0x0000000081500000| Untracked 
|  21|0x0000000081500000, 0x0000000081600000, 0x0000000081600000|100%| O|  |TAMS 0x0000000081600000, 0x0000000081600000| Untracked 
|  22|0x0000000081600000, 0x0000000081700000, 0x0000000081700000|100%| O|  |TAMS 0x0000000081700000, 0x0000000081700000| Untracked 
|  23|0x0000000081700000, 0x0000000081800000, 0x0000000081800000|100%| O|  |TAMS 0x0000000081800000, 0x0000000081800000| Untracked 
|  24|0x0000000081800000, 0x0000000081900000, 0x0000000081900000|100%| O|  |TAMS 0x0000000081900000, 0x0000000081900000| Untracked 
|  25|0x0000000081900000, 0x0000000081a00000, 0x0000000081a00000|100%| O|  |TAMS 0x0000000081a00000, 0x0000000081a00000| Untracked 
|  26|0x0000000081a00000, 0x0000000081b00000, 0x0000000081b00000|100%| O|  |TAMS 0x0000000081b00000, 0x0000000081b00000| Untracked 
|  27|0x0000000081b00000, 0x0000000081c00000, 0x0000000081c00000|100%| O|  |TAMS 0x0000000081c00000, 0x0000000081c00000| Untracked 
|  28|0x0000000081c00000, 0x0000000081d00000, 0x0000000081d00000|100%| O|  |TAMS 0x0000000081d00000, 0x0000000081d00000| Untracked 
|  29|0x0000000081d00000, 0x0000000081e00000, 0x0000000081e00000|100%| O|  |TAMS 0x0000000081e00000, 0x0000000081e00000| Untracked 
|  30|0x0000000081e00000, 0x0000000081f00000, 0x0000000081f00000|100%| O|  |TAMS 0x0000000081f00000, 0x0000000081f00000| Untracked 
|  31|0x0000000081f00000, 0x0000000082000000, 0x0000000082000000|100%| O|  |TAMS 0x0000000082000000, 0x0000000082000000| Untracked 
|  32|0x0000000082000000, 0x0000000082100000, 0x0000000082100000|100%| O|  |TAMS 0x0000000082100000, 0x0000000082100000| Untracked 
|  33|0x0000000082100000, 0x0000000082200000, 0x0000000082200000|100%| O|  |TAMS 0x0000000082200000, 0x0000000082200000| Untracked 
|  34|0x0000000082200000, 0x0000000082300000, 0x0000000082300000|100%| O|  |TAMS 0x0000000082300000, 0x0000000082300000| Untracked 
|  35|0x0000000082300000, 0x0000000082300000, 0x0000000082400000|  0%| F|  |TAMS 0x0000000082300000, 0x0000000082300000| Untracked 
|  36|0x0000000082400000, 0x0000000082500000, 0x0000000082500000|100%| O|  |TAMS 0x0000000082500000, 0x0000000082500000| Untracked 
|  37|0x0000000082500000, 0x0000000082600000, 0x0000000082600000|100%| O|  |TAMS 0x0000000082600000, 0x0000000082600000| Untracked 
|  38|0x0000000082600000, 0x0000000082700000, 0x0000000082700000|100%| O|  |TAMS 0x0000000082700000, 0x0000000082700000| Untracked 
|  39|0x0000000082700000, 0x0000000082800000, 0x0000000082800000|100%| O|  |TAMS 0x0000000082800000, 0x0000000082800000| Untracked 
|  40|0x0000000082800000, 0x0000000082900000, 0x0000000082900000|100%| O|  |TAMS 0x0000000082900000, 0x0000000082900000| Untracked 
|  41|0x0000000082900000, 0x0000000082a00000, 0x0000000082a00000|100%| O|  |TAMS 0x0000000082953c00, 0x0000000082a00000| Untracked 
|  42|0x0000000082a00000, 0x0000000082b00000, 0x0000000082b00000|100%| O|  |TAMS 0x0000000082a00000, 0x0000000082b00000| Untracked 
|  43|0x0000000082b00000, 0x0000000082c00000, 0x0000000082c00000|100%| O|  |TAMS 0x0000000082b00000, 0x0000000082c00000| Untracked 
|  44|0x0000000082c00000, 0x0000000082d00000, 0x0000000082d00000|100%| O|  |TAMS 0x0000000082c00000, 0x0000000082d00000| Untracked 
|  45|0x0000000082d00000, 0x0000000082e00000, 0x0000000082e00000|100%| O|  |TAMS 0x0000000082d00000, 0x0000000082e00000| Untracked 
|  46|0x0000000082e00000, 0x0000000082e6dc00, 0x0000000082f00000| 42%| O|  |TAMS 0x0000000082e00000, 0x0000000082e6dc00| Untracked 
|  47|0x0000000082f00000, 0x0000000082f00000, 0x0000000083000000|  0%| F|  |TAMS 0x0000000082f00000, 0x0000000082f00000| Untracked 
|  48|0x0000000083000000, 0x0000000083000000, 0x0000000083100000|  0%| F|  |TAMS 0x0000000083000000, 0x0000000083000000| Untracked 
|  49|0x0000000083100000, 0x0000000083100000, 0x0000000083200000|  0%| F|  |TAMS 0x0000000083100000, 0x0000000083100000| Untracked 
|  50|0x0000000083200000, 0x0000000083200000, 0x0000000083300000|  0%| F|  |TAMS 0x0000000083200000, 0x0000000083200000| Untracked 
|  51|0x0000000083300000, 0x0000000083300000, 0x0000000083400000|  0%| F|  |TAMS 0x0000000083300000, 0x0000000083300000| Untracked 
|  52|0x0000000083400000, 0x0000000083400000, 0x0000000083500000|  0%| F|  |TAMS 0x0000000083400000, 0x0000000083400000| Untracked 
|  53|0x0000000083500000, 0x0000000083500000, 0x0000000083600000|  0%| F|  |TAMS 0x0000000083500000, 0x0000000083500000| Untracked 
|  54|0x0000000083600000, 0x0000000083600000, 0x0000000083700000|  0%| F|  |TAMS 0x0000000083600000, 0x0000000083600000| Untracked 
|  55|0x0000000083700000, 0x0000000083700000, 0x0000000083800000|  0%| F|  |TAMS 0x0000000083700000, 0x0000000083700000| Untracked 
|  56|0x0000000083800000, 0x0000000083800000, 0x0000000083900000|  0%| F|  |TAMS 0x0000000083800000, 0x0000000083800000| Untracked 
|  57|0x0000000083900000, 0x0000000083900000, 0x0000000083a00000|  0%| F|  |TAMS 0x0000000083900000, 0x0000000083900000| Untracked 
|  58|0x0000000083a00000, 0x0000000083a00000, 0x0000000083b00000|  0%| F|  |TAMS 0x0000000083a00000, 0x0000000083a00000| Untracked 
|  59|0x0000000083b00000, 0x0000000083b00000, 0x0000000083c00000|  0%| F|  |TAMS 0x0000000083b00000, 0x0000000083b00000| Untracked 
|  60|0x0000000083c00000, 0x0000000083c00000, 0x0000000083d00000|  0%| F|  |TAMS 0x0000000083c00000, 0x0000000083c00000| Untracked 
|  61|0x0000000083d00000, 0x0000000083de9a70, 0x0000000083e00000| 91%| S|CS|TAMS 0x0000000083d00000, 0x0000000083d00000| Complete 
|  62|0x0000000083e00000, 0x0000000083f00000, 0x0000000083f00000|100%| S|CS|TAMS 0x0000000083e00000, 0x0000000083e00000| Complete 
|  63|0x0000000083f00000, 0x0000000084000000, 0x0000000084000000|100%| S|CS|TAMS 0x0000000083f00000, 0x0000000083f00000| Complete 
|  64|0x0000000084000000, 0x0000000084000000, 0x0000000084100000|  0%| F|  |TAMS 0x0000000084000000, 0x0000000084000000| Untracked 
|  65|0x0000000084100000, 0x0000000084100000, 0x0000000084200000|  0%| F|  |TAMS 0x0000000084100000, 0x0000000084100000| Untracked 
|  66|0x0000000084200000, 0x0000000084200000, 0x0000000084300000|  0%| F|  |TAMS 0x0000000084200000, 0x0000000084200000| Untracked 
|  67|0x0000000084300000, 0x0000000084300000, 0x0000000084400000|  0%| F|  |TAMS 0x0000000084300000, 0x0000000084300000| Untracked 
|  68|0x0000000084400000, 0x0000000084400000, 0x0000000084500000|  0%| F|  |TAMS 0x0000000084400000, 0x0000000084400000| Untracked 
|  69|0x0000000084500000, 0x0000000084500000, 0x0000000084600000|  0%| F|  |TAMS 0x0000000084500000, 0x0000000084500000| Untracked 
|  70|0x0000000084600000, 0x0000000084600000, 0x0000000084700000|  0%| F|  |TAMS 0x0000000084600000, 0x0000000084600000| Untracked 
|  71|0x0000000084700000, 0x0000000084700000, 0x0000000084800000|  0%| F|  |TAMS 0x0000000084700000, 0x0000000084700000| Untracked 
|  72|0x0000000084800000, 0x0000000084800000, 0x0000000084900000|  0%| F|  |TAMS 0x0000000084800000, 0x0000000084800000| Untracked 
|  73|0x0000000084900000, 0x0000000084900000, 0x0000000084a00000|  0%| F|  |TAMS 0x0000000084900000, 0x0000000084900000| Untracked 
|  74|0x0000000084a00000, 0x0000000084a00000, 0x0000000084b00000|  0%| F|  |TAMS 0x0000000084a00000, 0x0000000084a00000| Untracked 
|  75|0x0000000084b00000, 0x0000000084b00000, 0x0000000084c00000|  0%| F|  |TAMS 0x0000000084b00000, 0x0000000084b00000| Untracked 
|  76|0x0000000084c00000, 0x0000000084c00000, 0x0000000084d00000|  0%| F|  |TAMS 0x0000000084c00000, 0x0000000084c00000| Untracked 
|  77|0x0000000084d00000, 0x0000000084d00000, 0x0000000084e00000|  0%| F|  |TAMS 0x0000000084d00000, 0x0000000084d00000| Untracked 
|  78|0x0000000084e00000, 0x0000000084e00000, 0x0000000084f00000|  0%| F|  |TAMS 0x0000000084e00000, 0x0000000084e00000| Untracked 
|  79|0x0000000084f00000, 0x0000000084f00000, 0x0000000085000000|  0%| F|  |TAMS 0x0000000084f00000, 0x0000000084f00000| Untracked 
| 141|0x0000000088d00000, 0x0000000088d00000, 0x0000000088e00000|  0%| F|  |TAMS 0x0000000088d00000, 0x0000000088d00000| Untracked 
| 142|0x0000000088e00000, 0x0000000088e00000, 0x0000000088f00000|  0%| F|  |TAMS 0x0000000088e00000, 0x0000000088e00000| Untracked 
| 143|0x0000000088f00000, 0x0000000088f00000, 0x0000000089000000|  0%| F|  |TAMS 0x0000000088f00000, 0x0000000088f00000| Untracked 
| 144|0x0000000089000000, 0x0000000089000000, 0x0000000089100000|  0%| F|  |TAMS 0x0000000089000000, 0x0000000089000000| Untracked 
| 145|0x0000000089100000, 0x0000000089100000, 0x0000000089200000|  0%| F|  |TAMS 0x0000000089100000, 0x0000000089100000| Untracked 
| 146|0x0000000089200000, 0x0000000089200000, 0x0000000089300000|  0%| F|  |TAMS 0x0000000089200000, 0x0000000089200000| Untracked 
| 147|0x0000000089300000, 0x0000000089300000, 0x0000000089400000|  0%| F|  |TAMS 0x0000000089300000, 0x0000000089300000| Untracked 
| 148|0x0000000089400000, 0x0000000089400000, 0x0000000089500000|  0%| F|  |TAMS 0x0000000089400000, 0x0000000089400000| Untracked 
| 149|0x0000000089500000, 0x0000000089500000, 0x0000000089600000|  0%| F|  |TAMS 0x0000000089500000, 0x0000000089500000| Untracked 
| 150|0x0000000089600000, 0x0000000089600000, 0x0000000089700000|  0%| F|  |TAMS 0x0000000089600000, 0x0000000089600000| Untracked 
| 151|0x0000000089700000, 0x0000000089700000, 0x0000000089800000|  0%| F|  |TAMS 0x0000000089700000, 0x0000000089700000| Untracked 
| 190|0x000000008be00000, 0x000000008be00000, 0x000000008bf00000|  0%| F|  |TAMS 0x000000008be00000, 0x000000008be00000| Untracked 
| 191|0x000000008bf00000, 0x000000008bf00000, 0x000000008c000000|  0%| F|  |TAMS 0x000000008bf00000, 0x000000008bf00000| Untracked 

Card table byte_map: [0x000001ef1bd90000,0x000001ef1c190000] _byte_map_base: 0x000001ef1b990000

Marking Bits (Prev, Next): (CMBitMap*) 0x000001ef0950e550, (CMBitMap*) 0x000001ef0950e590
 Prev Bits: [0x000001ef1c590000, 0x000001ef1e590000)
 Next Bits: [0x000001ef1e590000, 0x000001ef20590000)

Polling page: 0x000001ef07480000

Metaspace:

Usage:
  Non-class:     52.35 MB used.
      Class:      8.27 MB used.
       Both:     60.62 MB used.

Virtual space:
  Non-class space:       64.00 MB reserved,      52.62 MB ( 82%) committed,  1 nodes.
      Class space:        1.00 GB reserved,       8.56 MB ( <1%) committed,  1 nodes.
             Both:        1.06 GB reserved,      61.19 MB (  6%) committed. 

Chunk freelists:
   Non-Class:  11.19 MB
       Class:  7.48 MB
        Both:  18.67 MB

MaxMetaspaceSize: unlimited
CompressedClassSpaceSize: 1.00 GB
Initial GC threshold: 21.00 MB
Current GC threshold: 102.00 MB
CDS: off
MetaspaceReclaimPolicy: balanced
 - commit_granule_bytes: 65536.
 - commit_granule_words: 8192.
 - virtual_space_node_default_size: 8388608.
 - enlarge_chunks_in_place: 1.
 - new_chunks_are_fully_committed: 0.
 - uncommit_free_chunks: 1.
 - use_allocation_guard: 0.
 - handle_deallocations: 1.


Internal statistics:

num_allocs_failed_limit: 9.
num_arena_births: 668.
num_arena_deaths: 0.
num_vsnodes_births: 2.
num_vsnodes_deaths: 0.
num_space_committed: 979.
num_space_uncommitted: 0.
num_chunks_returned_to_freelist: 9.
num_chunks_taken_from_freelist: 2794.
num_chunk_merges: 9.
num_chunk_splits: 1847.
num_chunks_enlarged: 1263.
num_inconsistent_stats: 0.

CodeHeap 'non-profiled nmethods': size=120000Kb used=3905Kb max_used=3905Kb free=116094Kb
 bounds [0x000001ef14460000, 0x000001ef14840000, 0x000001ef1b990000]
CodeHeap 'profiled nmethods': size=120000Kb used=12951Kb max_used=12951Kb free=107049Kb
 bounds [0x000001ef0c990000, 0x000001ef0d640000, 0x000001ef13ec0000]
CodeHeap 'non-nmethods': size=5760Kb used=1646Kb max_used=1726Kb free=4113Kb
 bounds [0x000001ef13ec0000, 0x000001ef14130000, 0x000001ef14460000]
 total_blobs=7698 nmethods=6976 adapters=634
 compilation: enabled
              stopped_count=0, restarted_count=0
 full_count=0

Compilation events (20 events):
Event: 18.901 Thread 0x000001ef22c4f370 7781   !   3       java.util.concurrent.ConcurrentHashMap::transfer (849 bytes)
Event: 18.906 Thread 0x000001ef22c4f370 nmethod 7781 0x000001ef0d631810 code [0x000001ef0d631c60, 0x000001ef0d6343d8]
Event: 18.907 Thread 0x000001ef29461a90 7782       4       sun.nio.fs.WindowsFileAttributes::lastModifiedTime (8 bytes)
Event: 18.907 Thread 0x000001ef22c4ea60 7783   !   4       sun.nio.fs.WindowsFileAttributes::toFileTime (47 bytes)
Event: 18.909 Thread 0x000001ef22c4ea60 nmethod 7783 0x000001ef1482db10 code [0x000001ef1482dca0, 0x000001ef1482de08]
Event: 18.909 Thread 0x000001ef29461a90 nmethod 7782 0x000001ef1482df90 code [0x000001ef1482e120, 0x000001ef1482e2a8]
Event: 18.911 Thread 0x000001ef29461a90 7784       4       sun.nio.fs.WindowsPath::getFileSystem (5 bytes)
Event: 18.912 Thread 0x000001ef29461a90 nmethod 7784 0x000001ef1482e490 code [0x000001ef1482e600, 0x000001ef1482e678]
Event: 18.917 Thread 0x000001ef22c4ea60 7785       4       jdk.internal.misc.Unsafe::checkOffset (32 bytes)
Event: 18.918 Thread 0x000001ef22c4ea60 nmethod 7785 0x000001ef1482e790 code [0x000001ef1482e900, 0x000001ef1482e998]
Event: 18.921 Thread 0x000001ef22c4ea60 7786       4       org.gradle.internal.io.StreamByteBuffer::<init> (70 bytes)
Event: 18.933 Thread 0x000001ef29461a90 7787       4       org.gradle.internal.io.StreamByteBuffer::allocateSpace (73 bytes)
Event: 18.934 Thread 0x000001ef22c4ea60 nmethod 7786 0x000001ef1482ea90 code [0x000001ef1482ec40, 0x000001ef1482f378]
Event: 18.934 Thread 0x000001ef29461a90 nmethod 7787 0x000001ef1482f590 code [0x000001ef1482f700, 0x000001ef1482f7b8]
Event: 18.934 Thread 0x000001ef22c4ea60 7788       4       java.util.concurrent.locks.AbstractQueuedSynchronizer$ConditionObject::canReacquire (38 bytes)
Event: 18.935 Thread 0x000001ef29461a90 7789       4       java.util.concurrent.ConcurrentHashMap::containsKey (14 bytes)
Event: 18.935 Thread 0x000001ef22c4ea60 nmethod 7788 0x000001ef1482f890 code [0x000001ef1482fa00, 0x000001ef1482fab8]
Event: 18.938 Thread 0x000001ef22c4ea60 7790       4       jdk.internal.misc.Unsafe::checkSize (32 bytes)
Event: 18.939 Thread 0x000001ef22c4ea60 nmethod 7790 0x000001ef1482fb90 code [0x000001ef1482fd00, 0x000001ef1482fd98]
Event: 18.942 Thread 0x000001ef29461a90 nmethod 7789 0x000001ef1482fe90 code [0x000001ef14830040, 0x000001ef14830368]

GC Heap History (20 events):
Event: 9.853 GC heap after
{Heap after GC invocations=12 (full 0):
 garbage-first heap   total 78848K, used 31374K [0x0000000080000000, 0x0000000100000000)
  region size 1024K, 2 young (2048K), 2 survivors (2048K)
 Metaspace       used 43352K, committed 43776K, reserved 1114112K
  class space    used 5782K, committed 5952K, reserved 1048576K
}
Event: 10.578 GC heap before
{Heap before GC invocations=12 (full 0):
 garbage-first heap   total 78848K, used 61070K [0x0000000080000000, 0x0000000100000000)
  region size 1024K, 31 young (31744K), 2 survivors (2048K)
 Metaspace       used 46039K, committed 46464K, reserved 1114112K
  class space    used 6224K, committed 6400K, reserved 1048576K
}
Event: 10.586 GC heap after
{Heap after GC invocations=13 (full 0):
 garbage-first heap   total 95232K, used 33190K [0x0000000080000000, 0x0000000100000000)
  region size 1024K, 4 young (4096K), 4 survivors (4096K)
 Metaspace       used 46039K, committed 46464K, reserved 1114112K
  class space    used 6224K, committed 6400K, reserved 1048576K
}
Event: 11.745 GC heap before
{Heap before GC invocations=13 (full 0):
 garbage-first heap   total 95232K, used 76198K [0x0000000080000000, 0x0000000100000000)
  region size 1024K, 44 young (45056K), 4 survivors (4096K)
 Metaspace       used 51686K, committed 52224K, reserved 1114112K
  class space    used 6964K, committed 7232K, reserved 1048576K
}
Event: 11.753 GC heap after
{Heap after GC invocations=14 (full 0):
 garbage-first heap   total 95232K, used 34540K [0x0000000080000000, 0x0000000100000000)
  region size 1024K, 4 young (4096K), 4 survivors (4096K)
 Metaspace       used 51686K, committed 52224K, reserved 1114112K
  class space    used 6964K, committed 7232K, reserved 1048576K
}
Event: 12.886 GC heap before
{Heap before GC invocations=14 (full 0):
 garbage-first heap   total 95232K, used 75500K [0x0000000080000000, 0x0000000100000000)
  region size 1024K, 44 young (45056K), 4 survivors (4096K)
 Metaspace       used 56787K, committed 57216K, reserved 1114112K
  class space    used 7747K, committed 7936K, reserved 1048576K
}
Event: 12.895 GC heap after
{Heap after GC invocations=15 (full 0):
 garbage-first heap   total 95232K, used 36734K [0x0000000080000000, 0x0000000100000000)
  region size 1024K, 4 young (4096K), 4 survivors (4096K)
 Metaspace       used 56787K, committed 57216K, reserved 1114112K
  class space    used 7747K, committed 7936K, reserved 1048576K
}
Event: 14.125 GC heap before
{Heap before GC invocations=15 (full 0):
 garbage-first heap   total 95232K, used 66430K [0x0000000080000000, 0x0000000100000000)
  region size 1024K, 34 young (34816K), 4 survivors (4096K)
 Metaspace       used 60229K, committed 60736K, reserved 1114112K
  class space    used 8303K, committed 8576K, reserved 1048576K
}
Event: 14.134 GC heap after
{Heap after GC invocations=16 (full 0):
 garbage-first heap   total 95232K, used 38440K [0x0000000080000000, 0x0000000100000000)
  region size 1024K, 4 young (4096K), 4 survivors (4096K)
 Metaspace       used 60229K, committed 60736K, reserved 1114112K
  class space    used 8303K, committed 8576K, reserved 1048576K
}
Event: 16.054 GC heap before
{Heap before GC invocations=17 (full 0):
 garbage-first heap   total 95232K, used 76328K [0x0000000080000000, 0x0000000100000000)
  region size 1024K, 42 young (43008K), 4 survivors (4096K)
 Metaspace       used 61494K, committed 62016K, reserved 1114112K
  class space    used 8435K, committed 8704K, reserved 1048576K
}
Event: 16.072 GC heap after
{Heap after GC invocations=18 (full 0):
 garbage-first heap   total 95232K, used 43247K [0x0000000080000000, 0x0000000100000000)
  region size 1024K, 6 young (6144K), 6 survivors (6144K)
 Metaspace       used 61494K, committed 62016K, reserved 1114112K
  class space    used 8435K, committed 8704K, reserved 1048576K
}
Event: 16.799 GC heap before
{Heap before GC invocations=18 (full 0):
 garbage-first heap   total 95232K, used 73967K [0x0000000080000000, 0x0000000100000000)
  region size 1024K, 37 young (37888K), 6 survivors (6144K)
 Metaspace       used 61898K, committed 62528K, reserved 1114112K
  class space    used 8462K, committed 8768K, reserved 1048576K
}
Event: 16.813 GC heap after
{Heap after GC invocations=19 (full 0):
 garbage-first heap   total 95232K, used 46078K [0x0000000080000000, 0x0000000100000000)
  region size 1024K, 4 young (4096K), 4 survivors (4096K)
 Metaspace       used 61898K, committed 62528K, reserved 1114112K
  class space    used 8462K, committed 8768K, reserved 1048576K
}
Event: 17.719 GC heap before
{Heap before GC invocations=19 (full 0):
 garbage-first heap   total 95232K, used 75774K [0x0000000080000000, 0x0000000100000000)
  region size 1024K, 33 young (33792K), 4 survivors (4096K)
 Metaspace       used 62043K, committed 62656K, reserved 1114112K
  class space    used 8463K, committed 8768K, reserved 1048576K
}
Event: 17.727 GC heap after
{Heap after GC invocations=20 (full 0):
 garbage-first heap   total 95232K, used 46577K [0x0000000080000000, 0x0000000100000000)
  region size 1024K, 3 young (3072K), 3 survivors (3072K)
 Metaspace       used 62043K, committed 62656K, reserved 1114112K
  class space    used 8463K, committed 8768K, reserved 1048576K
}
Event: 18.398 GC heap before
{Heap before GC invocations=21 (full 0):
 garbage-first heap   total 95232K, used 75249K [0x0000000080000000, 0x0000000100000000)
  region size 1024K, 32 young (32768K), 3 survivors (3072K)
 Metaspace       used 62062K, committed 62656K, reserved 1114112K
  class space    used 8464K, committed 8768K, reserved 1048576K
}
Event: 18.405 GC heap after
{Heap after GC invocations=22 (full 0):
 garbage-first heap   total 95232K, used 47366K [0x0000000080000000, 0x0000000100000000)
  region size 1024K, 3 young (3072K), 3 survivors (3072K)
 Metaspace       used 62062K, committed 62656K, reserved 1114112K
  class space    used 8464K, committed 8768K, reserved 1048576K
}
Event: 18.418 GC heap before
{Heap before GC invocations=22 (full 0):
 garbage-first heap   total 95232K, used 48390K [0x0000000080000000, 0x0000000100000000)
  region size 1024K, 4 young (4096K), 3 survivors (3072K)
 Metaspace       used 62062K, committed 62656K, reserved 1114112K
  class space    used 8464K, committed 8768K, reserved 1048576K
}
Event: 18.425 GC heap after
{Heap after GC invocations=23 (full 0):
 garbage-first heap   total 95232K, used 46803K [0x0000000080000000, 0x0000000100000000)
  region size 1024K, 1 young (1024K), 1 survivors (1024K)
 Metaspace       used 62062K, committed 62656K, reserved 1114112K
  class space    used 8464K, committed 8768K, reserved 1048576K
}
Event: 18.959 GC heap before
{Heap before GC invocations=23 (full 0):
 garbage-first heap   total 95232K, used 74451K [0x0000000080000000, 0x0000000100000000)
  region size 1024K, 29 young (29696K), 1 survivors (1024K)
 Metaspace       used 62073K, committed 62656K, reserved 1114112K
  class space    used 8464K, committed 8768K, reserved 1048576K
}

Dll operation events (3 events):
Event: 0.013 Loaded shared library C:\Program Files\Android\Android Studio\jbr\bin\java.dll
Event: 0.308 Loaded shared library C:\Program Files\Android\Android Studio\jbr\bin\zip.dll
Event: 1.027 Loaded shared library C:\Program Files\Android\Android Studio\jbr\bin\verify.dll

Deoptimization events (20 events):
Event: 18.039 Thread 0x000001ef2bc43720 Uncommon trap: trap_request=0xffffffbe fr.pc=0x000001ef1480ab00 relative=0x0000000000000b60
Event: 18.039 Thread 0x000001ef2bc43720 Uncommon trap: reason=profile_predicate action=maybe_recompile pc=0x000001ef1480ab00 method=org.gradle.tooling.internal.provider.runner.ClientBuildEventGenerator.started(Lorg/gradle/internal/operations/BuildOperationDescriptor;Lorg/gradle/internal/operati
Event: 18.039 Thread 0x000001ef2bc43720 DEOPT PACKING pc=0x000001ef1480ab00 sp=0x000000e8842fe8f0
Event: 18.039 Thread 0x000001ef2bc43720 DEOPT UNPACKING pc=0x000001ef13f169a3 sp=0x000000e8842fe8a8 mode 2
Event: 18.074 Thread 0x000001ef2bc43720 Uncommon trap: trap_request=0xffffffbe fr.pc=0x000001ef1480ab00 relative=0x0000000000000b60
Event: 18.074 Thread 0x000001ef2bc43720 Uncommon trap: reason=profile_predicate action=maybe_recompile pc=0x000001ef1480ab00 method=org.gradle.tooling.internal.provider.runner.ClientBuildEventGenerator.started(Lorg/gradle/internal/operations/BuildOperationDescriptor;Lorg/gradle/internal/operati
Event: 18.074 Thread 0x000001ef2bc43720 DEOPT PACKING pc=0x000001ef1480ab00 sp=0x000000e8842fe8f0
Event: 18.074 Thread 0x000001ef2bc43720 DEOPT UNPACKING pc=0x000001ef13f169a3 sp=0x000000e8842fe8a8 mode 2
Event: 18.083 Thread 0x000001ef2bc3eb30 Uncommon trap: trap_request=0xffffffbe fr.pc=0x000001ef1480ab00 relative=0x0000000000000b60
Event: 18.083 Thread 0x000001ef2bc3eb30 Uncommon trap: reason=profile_predicate action=maybe_recompile pc=0x000001ef1480ab00 method=org.gradle.tooling.internal.provider.runner.ClientBuildEventGenerator.started(Lorg/gradle/internal/operations/BuildOperationDescriptor;Lorg/gradle/internal/operati
Event: 18.083 Thread 0x000001ef2bc3eb30 DEOPT PACKING pc=0x000001ef1480ab00 sp=0x000000e8843fe8d0
Event: 18.083 Thread 0x000001ef2bc3eb30 DEOPT UNPACKING pc=0x000001ef13f169a3 sp=0x000000e8843fe888 mode 2
Event: 18.113 Thread 0x000001ef2bc43210 Uncommon trap: trap_request=0xffffffbe fr.pc=0x000001ef1480ab00 relative=0x0000000000000b60
Event: 18.113 Thread 0x000001ef2bc43210 Uncommon trap: reason=profile_predicate action=maybe_recompile pc=0x000001ef1480ab00 method=org.gradle.tooling.internal.provider.runner.ClientBuildEventGenerator.started(Lorg/gradle/internal/operations/BuildOperationDescriptor;Lorg/gradle/internal/operati
Event: 18.113 Thread 0x000001ef2bc43210 DEOPT PACKING pc=0x000001ef1480ab00 sp=0x000000e8841fe5a0
Event: 18.113 Thread 0x000001ef2bc43210 DEOPT UNPACKING pc=0x000001ef13f169a3 sp=0x000000e8841fe558 mode 2
Event: 18.226 Thread 0x000001ef28978d80 Uncommon trap: trap_request=0xfffffff4 fr.pc=0x000001ef14812db8 relative=0x0000000000000b98
Event: 18.226 Thread 0x000001ef28978d80 Uncommon trap: reason=null_check action=make_not_entrant pc=0x000001ef14812db8 method=org.gradle.tooling.internal.provider.runner.ClientBuildEventGenerator$Disabled.accept(Lorg/gradle/internal/operations/BuildOperationDescriptor;)Lorg/gradle/tooling/inter
Event: 18.226 Thread 0x000001ef28978d80 DEOPT PACKING pc=0x000001ef14812db8 sp=0x000000e8828f82b0
Event: 18.226 Thread 0x000001ef28978d80 DEOPT UNPACKING pc=0x000001ef13f169a3 sp=0x000000e8828f81f8 mode 2

Classes unloaded (0 events):
No events

Classes redefined (0 events):
No events

Internal exceptions (20 events):
Event: 13.590 Thread 0x000001ef28978d80 Exception <a 'java/lang/NoSuchMethodError'{0x0000000084a33190}: static Lorg/gradle/api/internal/catalog/DefaultVersionCatalog;.<clinit>()V> (0x0000000084a33190) 
thrown [s\src\hotspot\share\prims\jni.cpp, line 1127]
Event: 13.601 Thread 0x000001ef28978d80 Exception <a 'java/lang/NoSuchMethodError'{0x0000000084a833c8}: static [Ljava/lang/Object;.<clinit>()V> (0x0000000084a833c8) 
thrown [s\src\hotspot\share\prims\jni.cpp, line 1127]
Event: 13.604 Thread 0x000001ef28978d80 Exception <a 'java/lang/NoSuchMethodError'{0x0000000084aaa338}: static Lorg/gradle/api/internal/catalog/DependencyModel;.<clinit>()V> (0x0000000084aaa338) 
thrown [s\src\hotspot\share\prims\jni.cpp, line 1127]
Event: 13.605 Thread 0x000001ef28978d80 Exception <a 'java/lang/NoSuchMethodError'{0x0000000084aadb90}: static Lorg/gradle/api/internal/catalog/AbstractContextAwareModel;.<clinit>()V> (0x0000000084aadb90) 
thrown [s\src\hotspot\share\prims\jni.cpp, line 1127]
Event: 13.608 Thread 0x000001ef28978d80 Exception <a 'java/lang/NoSuchMethodError'{0x0000000084ac7370}: static Lorg/gradle/api/internal/artifacts/dependencies/AbstractVersionConstraint;.<clinit>()V> (0x0000000084ac7370) 
thrown [s\src\hotspot\share\prims\jni.cpp, line 1127]
Event: 13.630 Thread 0x000001ef28978d80 Exception <a 'java/lang/NoSuchMethodError'{0x00000000849257b0}: static Lorg/gradle/api/internal/catalog/PluginModel;.<clinit>()V> (0x00000000849257b0) 
thrown [s\src\hotspot\share\prims\jni.cpp, line 1127]
Event: 13.633 Thread 0x000001ef28978d80 Exception <a 'java/lang/NoSuchMethodError'{0x000000008493c4f0}: static Lorg/gradle/api/internal/catalog/VersionModel;.<clinit>()V> (0x000000008493c4f0) 
thrown [s\src\hotspot\share\prims\jni.cpp, line 1127]
Event: 13.639 Thread 0x000001ef28978d80 Exception <a 'java/lang/NoSuchMethodError'{0x0000000084961be8}: 'void java.lang.invoke.DirectMethodHandle$Holder.invokeSpecial(java.lang.Object, java.lang.Object, java.lang.Object, int)'> (0x0000000084961be8) 
thrown [s\src\hotspot\share\interpreter\linkResolver.cpp, line 771]
Event: 13.921 Thread 0x000001ef28978d80 Exception <a 'java/lang/NoSuchMethodError'{0x00000000845d7c70}: 'int java.lang.invoke.DirectMethodHandle$Holder.invokeSpecialIFC(java.lang.Object, java.lang.Object, java.lang.Object)'> (0x00000000845d7c70) 
thrown [s\src\hotspot\share\interpreter\linkResolver.cpp, line 771]
Event: 14.045 Thread 0x000001ef28978d80 Exception <a 'java/lang/NoSuchMethodError'{0x00000000841c9fe8}: 'java.lang.Object java.lang.invoke.DirectMethodHandle$Holder.invokeSpecial(java.lang.Object, java.lang.Object, java.lang.Object, java.lang.Object, java.lang.Object, long)'> (0x00000000841c9fe8) 
thrown [s\src\hotspot\share\interpreter\linkResolver.cpp, line 771]
Event: 14.048 Thread 0x000001ef28978d80 Exception <a 'java/lang/NoSuchMethodError'{0x00000000841ec918}: 'void java.lang.invoke.DirectMethodHandle$Holder.invokeStatic(java.lang.Object, java.lang.Object, java.lang.Object, int, java.lang.Object)'> (0x00000000841ec918) 
thrown [s\src\hotspot\share\interpreter\linkResolver.cpp, line 771]
Event: 15.364 Thread 0x000001ef28978d80 Exception <a 'java/lang/NoSuchMethodError'{0x0000000084906748}: 'java.lang.Object java.lang.invoke.DirectMethodHandle$Holder.newInvokeSpecial(java.lang.Object, java.lang.Object, java.lang.Object, java.lang.Object, int, java.lang.Object)'> (0x0000000084906748) 
thrown [s\src\hotspot\share\interpreter\linkResolver.cpp, line 771]
Event: 15.365 Thread 0x000001ef28978d80 Exception <a 'java/lang/NoSuchMethodError'{0x000000008490f548}: 'java.lang.Object java.lang.invoke.Invokers$Holder.linkToTargetMethod(java.lang.Object, java.lang.Object, java.lang.Object, int, java.lang.Object, java.lang.Object)'> (0x000000008490f548) 
thrown [s\src\hotspot\share\interpreter\linkResolver.cpp, line 771]
Event: 16.371 Thread 0x000001ef28978d80 Exception <a 'java/lang/NoSuchMethodError'{0x0000000084c61fa0}: 'java.lang.Object java.lang.invoke.DirectMethodHandle$Holder.invokeSpecialIFC(java.lang.Object, java.lang.Object, java.lang.Object)'> (0x0000000084c61fa0) 
thrown [s\src\hotspot\share\interpreter\linkResolver.cpp, line 771]
Event: 17.845 Thread 0x000001ef2bc43720 Implicit null exception at 0x000001ef147ff15d to 0x000001ef147ff1f4
Event: 18.039 Thread 0x000001ef2bc43720 Implicit null exception at 0x000001ef1480a2dc to 0x000001ef1480aaf0
Event: 18.074 Thread 0x000001ef2bc43720 Implicit null exception at 0x000001ef1480a2dc to 0x000001ef1480aaf0
Event: 18.083 Thread 0x000001ef2bc3eb30 Implicit null exception at 0x000001ef1480a2dc to 0x000001ef1480aaf0
Event: 18.113 Thread 0x000001ef2bc43210 Implicit null exception at 0x000001ef1480a2dc to 0x000001ef1480aaf0
Event: 18.226 Thread 0x000001ef28978d80 Implicit null exception at 0x000001ef14812727 to 0x000001ef14812da0

VM Operations (20 events):
Event: 16.072 Executing VM operation: G1CollectForAllocation done
Event: 16.321 Executing VM operation: HandshakeAllThreads
Event: 16.321 Executing VM operation: HandshakeAllThreads done
Event: 16.357 Executing VM operation: HandshakeAllThreads
Event: 16.357 Executing VM operation: HandshakeAllThreads done
Event: 16.624 Executing VM operation: ICBufferFull
Event: 16.626 Executing VM operation: ICBufferFull done
Event: 16.798 Executing VM operation: G1CollectForAllocation
Event: 16.814 Executing VM operation: G1CollectForAllocation done
Event: 17.719 Executing VM operation: G1CollectForAllocation
Event: 17.728 Executing VM operation: G1CollectForAllocation done
Event: 17.856 Executing VM operation: G1PauseRemark
Event: 17.860 Executing VM operation: G1PauseRemark done
Event: 17.925 Executing VM operation: G1PauseCleanup
Event: 17.927 Executing VM operation: G1PauseCleanup done
Event: 18.397 Executing VM operation: G1CollectForAllocation
Event: 18.410 Executing VM operation: G1CollectForAllocation done
Event: 18.418 Executing VM operation: G1CollectForAllocation
Event: 18.425 Executing VM operation: G1CollectForAllocation done
Event: 18.959 Executing VM operation: G1CollectForAllocation

Events (20 events):
Event: 14.233 loading class java/util/concurrent/LinkedBlockingDeque$AbstractItr
Event: 14.233 loading class java/util/concurrent/LinkedBlockingDeque$AbstractItr done
Event: 14.233 loading class java/util/concurrent/LinkedBlockingDeque$Itr done
Event: 14.873 loading class java/util/Collections$ReverseComparator
Event: 14.873 loading class java/util/Collections$ReverseComparator done
Event: 14.873 loading class java/util/Collections$ReverseComparator2
Event: 14.874 loading class java/util/Collections$ReverseComparator2 done
Event: 15.045 loading class java/util/LinkedList$LLSpliterator
Event: 15.045 loading class java/util/LinkedList$LLSpliterator done
Event: 15.105 Thread 0x000001ef289f6670 Thread added: 0x000001ef289f6670
Event: 15.106 Thread 0x000001ef289f89e0 Thread added: 0x000001ef289f89e0
Event: 15.106 Thread 0x000001ef289f33d0 Thread added: 0x000001ef289f33d0
Event: 15.427 Thread 0x000001ef289f6160 Thread added: 0x000001ef289f6160
Event: 15.430 Thread 0x000001ef289f3df0 Thread added: 0x000001ef289f3df0
Event: 15.432 Thread 0x000001ef289f6b80 Thread added: 0x000001ef289f6b80
Event: 16.373 Thread 0x000001ef2bc43210 Thread added: 0x000001ef2bc43210
Event: 16.374 Thread 0x000001ef2bc43720 Thread added: 0x000001ef2bc43720
Event: 16.374 Thread 0x000001ef2bc3eb30 Thread added: 0x000001ef2bc3eb30
Event: 16.933 loading class jdk/internal/access/foreign/MemorySegmentProxy
Event: 16.933 loading class jdk/internal/access/foreign/MemorySegmentProxy done


Dynamic libraries:
0x00007ff7ed310000 - 0x00007ff7ed31a000 	C:\Program Files\Android\Android Studio\jbr\bin\java.exe
0x00007ffe69f30000 - 0x00007ffe6a128000 	C:\WINDOWS\SYSTEM32\ntdll.dll
0x00007ffe69e20000 - 0x00007ffe69ee1000 	C:\WINDOWS\System32\KERNEL32.DLL
0x00007ffe67b00000 - 0x00007ffe67dfd000 	C:\WINDOWS\System32\KERNELBASE.dll
0x00007ffe67850000 - 0x00007ffe67950000 	C:\WINDOWS\System32\ucrtbase.dll
0x00007ffe604c0000 - 0x00007ffe604d7000 	C:\Program Files\Android\Android Studio\jbr\bin\jli.dll
0x00007ffe618f0000 - 0x00007ffe6190b000 	C:\Program Files\Android\Android Studio\jbr\bin\VCRUNTIME140.dll
0x00007ffe68d50000 - 0x00007ffe68eed000 	C:\WINDOWS\System32\USER32.dll
0x00007ffe67680000 - 0x00007ffe676a2000 	C:\WINDOWS\System32\win32u.dll
0x00007ffe4ef70000 - 0x00007ffe4f20a000 	C:\WINDOWS\WinSxS\amd64_microsoft.windows.common-controls_6595b64144ccf1df_6.0.19041.4355_none_60b8b9eb71f62e16\COMCTL32.dll
0x00007ffe69df0000 - 0x00007ffe69e1b000 	C:\WINDOWS\System32\GDI32.dll
0x00007ffe68000000 - 0x00007ffe6809e000 	C:\WINDOWS\System32\msvcrt.dll
0x00007ffe67730000 - 0x00007ffe67847000 	C:\WINDOWS\System32\gdi32full.dll
0x00007ffe675e0000 - 0x00007ffe6767d000 	C:\WINDOWS\System32\msvcp_win.dll
0x00007ffe68250000 - 0x00007ffe6827f000 	C:\WINDOWS\System32\IMM32.DLL
0x00007ffe61960000 - 0x00007ffe6196c000 	C:\Program Files\Android\Android Studio\jbr\bin\vcruntime140_1.dll
0x00007ffe1ece0000 - 0x00007ffe1ed6d000 	C:\Program Files\Android\Android Studio\jbr\bin\msvcp140.dll
0x00007ffe18330000 - 0x00007ffe18fb3000 	C:\Program Files\Android\Android Studio\jbr\bin\server\jvm.dll
0x00007ffe687e0000 - 0x00007ffe68890000 	C:\WINDOWS\System32\ADVAPI32.dll
0x00007ffe693c0000 - 0x00007ffe69460000 	C:\WINDOWS\System32\sechost.dll
0x00007ffe68ae0000 - 0x00007ffe68c03000 	C:\WINDOWS\System32\RPCRT4.dll
0x00007ffe67700000 - 0x00007ffe67727000 	C:\WINDOWS\System32\bcrypt.dll
0x00007ffe66db0000 - 0x00007ffe66dfb000 	C:\WINDOWS\SYSTEM32\POWRPROF.dll
0x00007ffe5fc20000 - 0x00007ffe5fc29000 	C:\WINDOWS\SYSTEM32\WSOCK32.dll
0x00007ffe68ff0000 - 0x00007ffe6905b000 	C:\WINDOWS\System32\WS2_32.dll
0x00007ffe53af0000 - 0x00007ffe53b17000 	C:\WINDOWS\SYSTEM32\WINMM.dll
0x00007ffe5c220000 - 0x00007ffe5c22a000 	C:\WINDOWS\SYSTEM32\VERSION.dll
0x00007ffe66d00000 - 0x00007ffe66d12000 	C:\WINDOWS\SYSTEM32\UMPDC.dll
0x00007ffe65640000 - 0x00007ffe65652000 	C:\WINDOWS\SYSTEM32\kernel.appcore.dll
0x00007ffe62a70000 - 0x00007ffe62a7a000 	C:\Program Files\Android\Android Studio\jbr\bin\jimage.dll
0x00007ffe58130000 - 0x00007ffe58314000 	C:\WINDOWS\SYSTEM32\DBGHELP.DLL
0x00007ffe580f0000 - 0x00007ffe58124000 	C:\WINDOWS\SYSTEM32\dbgcore.DLL
0x00007ffe67950000 - 0x00007ffe679d2000 	C:\WINDOWS\System32\bcryptPrimitives.dll
0x00007ffe61080000 - 0x00007ffe6108e000 	C:\Program Files\Android\Android Studio\jbr\bin\instrument.dll
0x00007ffe610e0000 - 0x00007ffe61105000 	C:\Program Files\Android\Android Studio\jbr\bin\java.dll
0x00007ffe62a50000 - 0x00007ffe62a68000 	C:\Program Files\Android\Android Studio\jbr\bin\zip.dll
0x00007ffe69570000 - 0x00007ffe69cdf000 	C:\WINDOWS\System32\SHELL32.dll
0x00007ffe65660000 - 0x00007ffe65e03000 	C:\WINDOWS\SYSTEM32\windows.storage.dll
0x00007ffe69060000 - 0x00007ffe693b3000 	C:\WINDOWS\System32\combase.dll
0x00007ffe67010000 - 0x00007ffe6703e000 	C:\WINDOWS\SYSTEM32\Wldp.dll
0x00007ffe682a0000 - 0x00007ffe6836d000 	C:\WINDOWS\System32\OLEAUT32.dll
0x00007ffe69d40000 - 0x00007ffe69ded000 	C:\WINDOWS\System32\SHCORE.dll
0x00007ffe68f80000 - 0x00007ffe68fd5000 	C:\WINDOWS\System32\shlwapi.dll
0x00007ffe67510000 - 0x00007ffe67534000 	C:\WINDOWS\SYSTEM32\profapi.dll
0x00007ffe616f0000 - 0x00007ffe61709000 	C:\Program Files\Android\Android Studio\jbr\bin\net.dll
0x00007ffe5e8e0000 - 0x00007ffe5e9ed000 	C:\WINDOWS\SYSTEM32\WINHTTP.dll
0x00007ffe66d20000 - 0x00007ffe66d8a000 	C:\WINDOWS\system32\mswsock.dll
0x00007ffe61140000 - 0x00007ffe61156000 	C:\Program Files\Android\Android Studio\jbr\bin\nio.dll
0x00007ffe610b0000 - 0x00007ffe610c0000 	C:\Program Files\Android\Android Studio\jbr\bin\verify.dll
0x00007ffe536d0000 - 0x00007ffe536f7000 	C:\Users\HP\.gradle\native\c067742578af261105cb4f569cf0c3c89f3d7b1fecec35dd04571415982c5e48\windows-amd64\native-platform.dll
0x00007ffe07b40000 - 0x00007ffe07c84000 	C:\Users\HP\.gradle\native\100fb08df4bc3b14c8652ba06237920a3bd2aa13389f12d3474272988ae205f9\windows-amd64\native-platform-file-events.dll
0x00007ffe61560000 - 0x00007ffe61569000 	C:\Program Files\Android\Android Studio\jbr\bin\management.dll
0x00007ffe61090000 - 0x00007ffe6109b000 	C:\Program Files\Android\Android Studio\jbr\bin\management_ext.dll
0x00007ffe67fe0000 - 0x00007ffe67fe8000 	C:\WINDOWS\System32\PSAPI.DLL
0x00007ffe66f60000 - 0x00007ffe66f78000 	C:\WINDOWS\SYSTEM32\CRYPTSP.dll
0x00007ffe665c0000 - 0x00007ffe665f4000 	C:\WINDOWS\system32\rsaenh.dll
0x00007ffe674d0000 - 0x00007ffe674fe000 	C:\WINDOWS\SYSTEM32\USERENV.dll
0x00007ffe66f80000 - 0x00007ffe66f8c000 	C:\WINDOWS\SYSTEM32\CRYPTBASE.dll
0x00007ffe669e0000 - 0x00007ffe66a1b000 	C:\WINDOWS\SYSTEM32\IPHLPAPI.DLL
0x00007ffe67ff0000 - 0x00007ffe67ff8000 	C:\WINDOWS\System32\NSI.dll
0x00007ffe602c0000 - 0x00007ffe602d7000 	C:\WINDOWS\SYSTEM32\dhcpcsvc6.DLL
0x00007ffe60260000 - 0x00007ffe6027d000 	C:\WINDOWS\SYSTEM32\dhcpcsvc.DLL
0x00007ffe66a20000 - 0x00007ffe66aea000 	C:\WINDOWS\SYSTEM32\DNSAPI.dll
0x00007ffe61880000 - 0x00007ffe61889000 	C:\Program Files\Android\Android Studio\jbr\bin\extnet.dll
0x00007ffe62a10000 - 0x00007ffe62a17000 	C:\WINDOWS\system32\wshunix.dll

dbghelp: loaded successfully - version: 4.0.5 - missing functions: none
symbol engine: initialized successfully - sym options: 0x614 - pdb path: .;C:\Program Files\Android\Android Studio\jbr\bin;C:\WINDOWS\SYSTEM32;C:\WINDOWS\WinSxS\amd64_microsoft.windows.common-controls_6595b64144ccf1df_6.0.19041.4355_none_60b8b9eb71f62e16;C:\Program Files\Android\Android Studio\jbr\bin\server;C:\Users\HP\.gradle\native\c067742578af261105cb4f569cf0c3c89f3d7b1fecec35dd04571415982c5e48\windows-amd64;C:\Users\HP\.gradle\native\100fb08df4bc3b14c8652ba06237920a3bd2aa13389f12d3474272988ae205f9\windows-amd64

VM Arguments:
jvm_args: --add-opens=java.base/java.util=ALL-UNNAMED --add-opens=java.base/java.lang=ALL-UNNAMED --add-opens=java.base/java.lang.invoke=ALL-UNNAMED --add-opens=java.prefs/java.util.prefs=ALL-UNNAMED --add-exports=jdk.compiler/com.sun.tools.javac.api=ALL-UNNAMED --add-exports=jdk.compiler/com.sun.tools.javac.util=ALL-UNNAMED --add-opens=java.base/java.nio.charset=ALL-UNNAMED --add-opens=java.base/java.net=ALL-UNNAMED --add-opens=java.base/java.util.concurrent.atomic=ALL-UNNAMED -Xmx2048m -Dfile.encoding=UTF-8 -Duser.country=MX -Duser.language=es -Duser.variant -javaagent:C:\Users\HP\.gradle\wrapper\dists\gradle-8.9-bin\90cnw93cvbtalezasaz0blq0a\gradle-8.9\lib\agents\gradle-instrumentation-agent-8.9.jar 
java_command: org.gradle.launcher.daemon.bootstrap.GradleDaemon 8.9
java_class_path (initial): C:\Users\HP\.gradle\wrapper\dists\gradle-8.9-bin\90cnw93cvbtalezasaz0blq0a\gradle-8.9\lib\gradle-daemon-main-8.9.jar
Launcher Type: SUN_STANDARD

[Global flags]
     intx CICompilerCount                          = 3                                         {product} {ergonomic}
     uint ConcGCThreads                            = 1                                         {product} {ergonomic}
     uint G1ConcRefinementThreads                  = 4                                         {product} {ergonomic}
   size_t G1HeapRegionSize                         = 1048576                                   {product} {ergonomic}
    uintx GCDrainStackTargetSize                   = 64                                        {product} {ergonomic}
   size_t InitialHeapSize                          = 201326592                                 {product} {ergonomic}
   size_t MarkStackSize                            = 4194304                                   {product} {ergonomic}
   size_t MaxHeapSize                              = 2147483648                                {product} {command line}
   size_t MaxNewSize                               = 1287651328                                {product} {ergonomic}
   size_t MinHeapDeltaBytes                        = 1048576                                   {product} {ergonomic}
   size_t MinHeapSize                              = 8388608                                   {product} {ergonomic}
    uintx NonNMethodCodeHeapSize                   = 5832780                                {pd product} {ergonomic}
    uintx NonProfiledCodeHeapSize                  = 122912730                              {pd product} {ergonomic}
    uintx ProfiledCodeHeapSize                     = 122912730                              {pd product} {ergonomic}
    uintx ReservedCodeCacheSize                    = 251658240                              {pd product} {ergonomic}
     bool SegmentedCodeCache                       = true                                      {product} {ergonomic}
   size_t SoftMaxHeapSize                          = 2147483648                             {manageable} {ergonomic}
     bool UseCompressedClassPointers               = true                           {product lp64_product} {ergonomic}
     bool UseCompressedOops                        = true                           {product lp64_product} {ergonomic}
     bool UseG1GC                                  = true                                      {product} {ergonomic}
     bool UseLargePagesIndividualAllocation        = false                                  {pd product} {ergonomic}

Logging:
Log output configuration:
 #0: stdout all=warning uptime,level,tags
 #1: stderr all=off uptime,level,tags

Environment Variables:
PATH=C:\Program Files\Microsoft\jdk-11.0.12.7-hotspot\bin;C:\Program Files\Common Files\Oracle\Java\javapath;C:\Program Files (x86)\Common Files\Oracle\Java\javapath;C:\WINDOWS\system32;C:\WINDOWS;C:\WINDOWS\System32\Wbem;C:\WINDOWS\System32\WindowsPowerShell\v1.0\;C:\WINDOWS\System32\OpenSSH\;C:\Program Files\Java\jdk-16\bin;C:\Program Files\dotnet\;C:\Program Files\Microsoft SQL Server\Client SDK\ODBC\170\Tools\Binn\;C:\Program Files\Microsoft SQL Server\150\Tools\Binn\;C:\Program Files (x86)\Microsoft SQL Server\160\Tools\Binn\;C:\Program Files\Microsoft SQL Server\160\Tools\Binn\;C:\Program Files\Microsoft SQL Server\160\DTS\Binn\;C:\Program Files (x86)\Microsoft SQL Server\160\DTS\Binn\;C:\Program Files\Azure Data Studio\bin;C:\Program Files\Git\cmd;C:\Program Files\nodejs\;C:\Users\HP\AppData\Local\Microsoft\WindowsApps;C:\Users\HP\.dotnet\tools;C:\Program Files\MySQL\MySQL Server 8.0\bin;C:\Program Files\Azure Data Studio\bin;C:\Users\HP\AppData\Local\Programs\Microsoft VS Code\bin;C:\Users\HP\AppData\Local\GitHubDesktop\bin;C:\Users\HP\AppData\Roaming\npm
USERNAME=HP
OS=Windows_NT
PROCESSOR_IDENTIFIER=Intel64 Family 6 Model 60 Stepping 3, GenuineIntel
TMP=C:\Users\HP\AppData\Local\Temp
TEMP=C:\Users\HP\AppData\Local\Temp



Periodic native trim disabled

JNI global refs:
JNI global refs: 25, weak refs: 0

JNI global refs memory usage: 843, weak refs: 841

Process memory usage:
Resident Set Size: 275964K (2% of 12461164K total physical memory with 1129620K free physical memory)

OOME stack traces (most recent first):
Classloader memory used:
Loader org.gradle.internal.classloader.VisitableURLClassLoader                         : 4018K
Loader bootstrap                                                                       : 2459K
Loader org.gradle.initialization.MixInLegacyTypesClassLoader                           : 1150K
Loader jdk.internal.loader.ClassLoaders$PlatformClassLoader                            : 69253B
Loader jdk.internal.loader.ClassLoaders$AppClassLoader                                 : 28702B
Loader org.gradle.internal.classloader.VisitableURLClassLoader                         : 18165B
Loader jdk.internal.reflect.DelegatingClassLoader                                      : 17310B

Classes loaded by more than one classloader:
Class Program                                                                         : loaded 3 times (x 70B)
Class org.gradle.internal.classpath.ClassPath                                         : loaded 2 times (x 68B)
Class org.gradle.api.internal.classpath.DefaultModuleRegistry                         : loaded 2 times (x 81B)
Class Settings_gradle$1$1                                                             : loaded 2 times (x 72B)
Class org.gradle.api.Action                                                           : loaded 2 times (x 68B)
Class org.gradle.api.internal.DefaultClassPathProvider                                : loaded 2 times (x 74B)
Class org.gradle.internal.installation.GradleInstallation$1                           : loaded 2 times (x 73B)
Class org.gradle.internal.classloader.FilteringClassLoader                            : loaded 2 times (x 103B)
Class org.gradle.internal.classpath.DefaultClassPath$ImmutableUniqueList$Builder      : loaded 2 times (x 73B)
Class org.gradle.internal.classloader.ClassLoaderVisitor                              : loaded 2 times (x 74B)
Class org.gradle.internal.service.DefaultServiceLocator                               : loaded 2 times (x 81B)
Class org.gradle.internal.service.UnknownServiceException                             : loaded 2 times (x 81B)
Class org.gradle.internal.classloader.DefaultClassLoaderFactory                       : loaded 2 times (x 80B)
Class org.gradle.internal.classloader.VisitableURLClassLoader$Spec                    : loaded 2 times (x 72B)
Class org.gradle.api.GradleException                                                  : loaded 2 times (x 80B)
Class org.gradle.api.internal.classpath.ModuleRegistry                                : loaded 2 times (x 68B)
Class org.gradle.api.internal.ClassPathProvider                                       : loaded 2 times (x 68B)
Class org.gradle.internal.classloader.ClasspathUtil$1                                 : loaded 2 times (x 74B)
Class org.gradle.internal.classloader.ClassLoaderFactory                              : loaded 2 times (x 68B)
Class org.gradle.api.internal.classpath.ManifestUtil                                  : loaded 2 times (x 69B)
Class org.gradle.api.specs.Spec                                                       : loaded 2 times (x 68B)
Class org.gradle.internal.IoActions                                                   : loaded 2 times (x 69B)
Class org.gradle.api.internal.classpath.EffectiveClassPath                            : loaded 2 times (x 88B)
Class org.gradle.internal.installation.CurrentGradleInstallation                      : loaded 2 times (x 71B)
Class org.gradle.internal.agents.InstrumentingClassLoader                             : loaded 2 times (x 68B)
Class org.gradle.internal.installation.CurrentGradleInstallationLocator               : loaded 2 times (x 69B)
Class org.gradle.api.internal.classpath.Module                                        : loaded 2 times (x 68B)
Class org.gradle.internal.service.CachingServiceLocator                               : loaded 2 times (x 80B)
Class org.gradle.internal.classpath.DefaultClassPath                                  : loaded 2 times (x 88B)
Class org.gradle.internal.classloader.SystemClassLoaderSpec                           : loaded 2 times (x 69B)
Class org.gradle.api.UncheckedIOException                                             : loaded 2 times (x 80B)
Class org.gradle.internal.installation.GradleInstallation                             : loaded 2 times (x 73B)
Class org.gradle.internal.classloader.ClasspathUtil                                   : loaded 2 times (x 69B)
Class org.gradle.api.internal.DefaultClassPathRegistry                                : loaded 2 times (x 74B)
Class org.gradle.api.internal.classpath.DefaultModuleRegistry$DefaultModule           : loaded 2 times (x 84B)
Class org.gradle.api.internal.classpath.UnknownModuleException                        : loaded 2 times (x 80B)
Class org.gradle.internal.service.ServiceLookupException                              : loaded 2 times (x 80B)
Class [Lorg.gradle.api.internal.ClassPathProvider;                                    : loaded 2 times (x 67B)
Class org.gradle.util.internal.GUtil                                                  : loaded 2 times (x 69B)
Class org.gradle.internal.classloader.ClassLoaderSpec                                 : loaded 2 times (x 69B)
Class org.gradle.internal.classloader.VisitableURLClassLoader                         : loaded 2 times (x 115B)
Class org.gradle.internal.Cast                                                        : loaded 2 times (x 69B)
Class org.gradle.api.internal.ClassPathRegistry                                       : loaded 2 times (x 68B)
Class org.gradle.internal.classloader.VisitableURLClassLoader$InstrumentingVisitableURLClassLoader: loaded 2 times (x 121B)
Class org.gradle.internal.classloader.ClassLoaderHierarchy                            : loaded 2 times (x 68B)
Class org.gradle.internal.InternalTransformer                                         : loaded 2 times (x 68B)
Class org.gradle.internal.service.ServiceLocator                                      : loaded 2 times (x 68B)
Class Settings_gradle$1                                                               : loaded 2 times (x 72B)
Class org.gradle.internal.classpath.DefaultClassPath$ImmutableUniqueList              : loaded 2 times (x 159B)
Class org.gradle.internal.classpath.TransformedClassPath                              : loaded 2 times (x 94B)
Class Settings_gradle                                                                 : loaded 2 times (x 126B)


---------------  S Y S T E M  ---------------

OS:
 Windows 10 , 64 bit Build 19041 (10.0.19041.4842)
OS uptime: 0 days 5:02 hours

CPU: total 4 (initial active 4) (2 cores per cpu, 2 threads per core) family 6 model 60 stepping 3 microcode 0x28, cx8, cmov, fxsr, ht, mmx, sse, sse2, sse3, ssse3, sse4.1, sse4.2, popcnt, lzcnt, tsc, tscinvbit, avx, avx2, aes, erms, clmul, bmi1, bmi2, fma, vzeroupper, clflush
Processor Information for all 4 processors :
  Max Mhz: 2501, Current Mhz: 2500, Mhz Limit: 2475

Memory: 4k page, system-wide physical 12169M (1103M free)
TotalPageFile size 17985M (AvailPageFile size 57M)
current process WorkingSet (physical memory assigned to process): 269M, peak: 287M
current process commit charge ("private bytes"): 297M, peak: 359M

vm_info: OpenJDK 64-Bit Server VM (17.0.11+0--11852314) for windows-amd64 JRE (17.0.11+0--11852314), built on May 16 2024 21:29:20 by "androidbuild" with MS VC++ 16.10 / 16.11 (VS2019)

END.
